TN:
SF:src\App.css
FNF:0
FNH:0
LF:0
LH:0
BRF:0
BRH:0
end_of_record
TN:
SF:src\App.jsx
FN:20,(anonymous_0)
FN:32,App
FNF:2
FNH:2
FNDA:1,(anonymous_0)
FNDA:3,App
DA:20,1
DA:21,1
DA:23,1
DA:24,0
DA:26,1
DA:28,1
DA:33,3
LF:7
LH:6
BRDA:23,0,0,0
BRDA:23,0,1,1
BRF:2
BRH:1
end_of_record
TN:
SF:src\components\StatsCard.jsx
FN:4,(anonymous_0)
FNF:1
FNH:1
FNDA:5,(anonymous_0)
DA:4,2
DA:5,5
DA:13,2
LF:3
LH:3
BRDA:8,0,0,5
BRDA:8,0,1,4
BRF:2
BRH:2
end_of_record
TN:
SF:src\components\TaskForm.jsx
FN:20,(anonymous_0)
FNF:1
FNH:1
FNDA:1,(anonymous_0)
DA:4,2
DA:13,2
DA:20,2
DA:21,1
DA:178,2
LF:5
LH:5
BRF:0
BRH:0
end_of_record
TN:
SF:src\components\TaskTable.jsx
FN:5,(anonymous_0)
FN:15,(anonymous_1)
FN:31,(anonymous_2)
FN:46,(anonymous_3)
FN:47,(anonymous_4)
FN:48,(anonymous_5)
FNF:6
FNH:6
FNDA:33,(anonymous_0)
FNDA:15,(anonymous_1)
FNDA:11,(anonymous_2)
FNDA:1,(anonymous_3)
FNDA:3,(anonymous_4)
FNDA:1,(anonymous_5)
DA:5,33
DA:15,3
DA:16,15
DA:18,15
DA:32,11
DA:46,1
DA:47,3
DA:48,1
DA:64,3
LF:9
LH:9
BRDA:5,0,0,33
BRDA:30,1,0,9
BRDA:30,1,1,6
BRDA:43,2,0,1
BRDA:43,2,1,10
BRDA:55,3,0,6
BRDA:55,3,1,1
BRF:7
BRH:7
end_of_record
TN:
SF:src\hooks\useTaskEditor.js
FN:4,(anonymous_0)
FN:16,(anonymous_1)
FN:18,(anonymous_2)
FN:34,(anonymous_3)
FN:35,(anonymous_4)
FN:38,(anonymous_5)
FNF:6
FNH:6
FNDA:11,(anonymous_0)
FNDA:6,(anonymous_1)
FNDA:5,(anonymous_2)
FNDA:1,(anonymous_3)
FNDA:1,(anonymous_4)
FNDA:2,(anonymous_5)
DA:4,2
DA:5,11
DA:13,11
DA:14,11
DA:16,11
DA:17,6
DA:18,5
DA:19,5
DA:20,5
DA:21,4
DA:22,1
DA:24,4
DA:26,1
DA:27,1
DA:28,1
DA:31,5
DA:34,11
DA:35,1
DA:38,11
DA:39,2
DA:40,2
DA:41,2
DA:42,1
DA:43,1
DA:45,1
DA:49,11
LF:26
LH:26
BRDA:17,0,0,1
BRDA:17,0,1,5
BRDA:21,1,0,1
BRDA:21,1,1,3
BRF:4
BRH:4
end_of_record
TN:
SF:src\pages\Admin-Edit-Task.jsx
FN:6,(anonymous_0)
FN:11,(anonymous_1)
FN:12,(anonymous_2)
FN:21,(anonymous_3)
FNF:4
FNH:0
FNDA:0,(anonymous_0)
FNDA:0,(anonymous_1)
FNDA:0,(anonymous_2)
FNDA:0,(anonymous_3)
DA:6,1
DA:7,0
DA:8,0
DA:10,0
DA:12,0
DA:13,0
DA:16,0
DA:21,0
LF:8
LH:1
BRF:0
BRH:0
end_of_record
TN:
SF:src\pages\Admin-dashboard.jsx
FN:6,(anonymous_0)
FN:13,(anonymous_1)
FN:14,(anonymous_2)
FN:36,(anonymous_3)
FNF:4
FNH:0
FNDA:0,(anonymous_0)
FNDA:0,(anonymous_1)
FNDA:0,(anonymous_2)
FNDA:0,(anonymous_3)
DA:6,1
DA:7,0
DA:11,0
DA:13,0
DA:14,0
DA:15,0
DA:16,0
DA:17,0
DA:18,0
DA:21,0
DA:23,0
DA:26,0
DA:29,0
DA:31,0
DA:36,0
LF:15
LH:1
BRDA:17,0,0,0
BRDA:17,0,1,0
BRDA:29,1,0,0
BRDA:29,1,1,0
BRF:4
BRH:0
end_of_record
TN:
SF:src\pages\Admin-edit-user.jsx
FN:5,(anonymous_0)
FN:11,(anonymous_1)
FN:20,(anonymous_2)
FN:27,(anonymous_3)
FN:30,(anonymous_4)
FN:101,(anonymous_5)
FN:135,(anonymous_6)
FN:171,(anonymous_7)
FN:199,(anonymous_8)
FN:218,(anonymous_9)
FNF:10
FNH:0
FNDA:0,(anonymous_0)
FNDA:0,(anonymous_1)
FNDA:0,(anonymous_2)
FNDA:0,(anonymous_3)
FNDA:0,(anonymous_4)
FNDA:0,(anonymous_5)
FNDA:0,(anonymous_6)
FNDA:0,(anonymous_7)
FNDA:0,(anonymous_8)
FNDA:0,(anonymous_9)
DA:5,1
DA:6,0
DA:7,0
DA:8,0
DA:9,0
DA:11,0
DA:12,0
DA:13,0
DA:14,0
DA:15,0
DA:18,0
DA:21,0
DA:27,0
DA:30,0
DA:31,0
DA:32,0
DA:33,0
DA:36,0
DA:37,0
DA:39,0
DA:40,0
DA:44,0
DA:101,0
DA:135,0
DA:171,0
DA:199,0
DA:218,0
LF:27
LH:1
BRDA:13,0,0,0
BRDA:13,0,1,0
BRDA:22,1,0,0
BRDA:22,1,1,0
BRDA:23,2,0,0
BRDA:23,2,1,0
BRDA:97,3,0,0
BRDA:97,3,1,0
BRDA:131,4,0,0
BRDA:131,4,1,0
BRDA:165,5,0,0
BRDA:165,5,1,0
BRDA:199,6,0,0
BRDA:199,6,1,0
BRDA:203,7,0,0
BRDA:203,7,1,0
BRDA:214,8,0,0
BRDA:214,8,1,0
BRF:18
BRH:0
end_of_record
TN:
SF:src\pages\AdminAllTasks.jsx
FN:5,(anonymous_0)
FN:13,(anonymous_1)
FN:36,(anonymous_2)
FN:44,(anonymous_3)
FN:51,(anonymous_4)
FN:55,(anonymous_5)
FN:86,(anonymous_6)
FN:98,(anonymous_7)
FN:132,(anonymous_8)
FN:160,(anonymous_9)
FN:173,(anonymous_10)
FN:187,(anonymous_11)
FNF:12
FNH:0
FNDA:0,(anonymous_0)
FNDA:0,(anonymous_1)
FNDA:0,(anonymous_2)
FNDA:0,(anonymous_3)
FNDA:0,(anonymous_4)
FNDA:0,(anonymous_5)
FNDA:0,(anonymous_6)
FNDA:0,(anonymous_7)
FNDA:0,(anonymous_8)
FNDA:0,(anonymous_9)
FNDA:0,(anonymous_10)
FNDA:0,(anonymous_11)
DA:5,1
DA:6,0
DA:7,0
DA:8,0
DA:9,0
DA:10,0
DA:11,0
DA:13,0
DA:14,0
DA:15,0
DA:16,0
DA:17,0
DA:19,0
DA:26,0
DA:27,0
DA:28,0
DA:30,0
DA:32,0
DA:36,0
DA:37,0
DA:38,0
DA:39,0
DA:42,0
DA:43,0
DA:44,0
DA:46,0
DA:51,0
DA:52,0
DA:55,0
DA:56,0
DA:57,0
DA:60,0
DA:62,0
DA:86,0
DA:98,0
DA:133,0
DA:160,0
DA:173,0
DA:187,0
LF:39
LH:1
BRDA:15,0,0,0
BRDA:15,0,1,0
BRDA:26,1,0,0
BRDA:26,1,1,0
BRDA:37,2,0,0
BRDA:37,2,1,0
BRDA:56,3,0,0
BRDA:56,3,1,0
BRDA:60,4,0,0
BRDA:60,4,1,0
BRDA:131,5,0,0
BRDA:131,5,1,0
BRDA:137,6,0,0
BRDA:137,6,1,0
BRDA:140,7,0,0
BRDA:140,7,1,0
BRDA:156,8,0,0
BRDA:156,8,1,0
BRF:18
BRH:0
end_of_record
TN:
SF:src\pages\AllUsersList.jsx
FN:5,(anonymous_0)
FN:13,(anonymous_1)
FN:36,(anonymous_2)
FN:40,(anonymous_3)
FN:44,(anonymous_4)
FN:50,(anonymous_5)
FN:50,(anonymous_6)
FN:59,(anonymous_7)
FN:63,(anonymous_8)
FN:94,(anonymous_9)
FN:128,(anonymous_10)
FN:145,(anonymous_11)
FN:146,(anonymous_12)
FN:147,(anonymous_13)
FNF:14
FNH:0
FNDA:0,(anonymous_0)
FNDA:0,(anonymous_1)
FNDA:0,(anonymous_2)
FNDA:0,(anonymous_3)
FNDA:0,(anonymous_4)
FNDA:0,(anonymous_5)
FNDA:0,(anonymous_6)
FNDA:0,(anonymous_7)
FNDA:0,(anonymous_8)
FNDA:0,(anonymous_9)
FNDA:0,(anonymous_10)
FNDA:0,(anonymous_11)
FNDA:0,(anonymous_12)
FNDA:0,(anonymous_13)
DA:5,1
DA:6,0
DA:7,0
DA:8,0
DA:9,0
DA:10,0
DA:11,0
DA:13,0
DA:14,0
DA:15,0
DA:16,0
DA:17,0
DA:19,0
DA:26,0
DA:27,0
DA:28,0
DA:30,0
DA:32,0
DA:36,0
DA:37,0
DA:40,0
DA:41,0
DA:44,0
DA:45,0
DA:46,0
DA:47,0
DA:50,0
DA:51,0
DA:53,0
DA:54,0
DA:59,0
DA:60,0
DA:63,0
DA:64,0
DA:65,0
DA:66,0
DA:69,0
DA:71,0
DA:94,0
DA:129,0
DA:145,0
DA:146,0
DA:147,0
LF:43
LH:1
BRDA:15,0,0,0
BRDA:15,0,1,0
BRDA:26,1,0,0
BRDA:26,1,1,0
BRDA:45,2,0,0
BRDA:45,2,1,0
BRDA:66,3,0,0
BRDA:66,3,1,0
BRDA:69,4,0,0
BRDA:69,4,1,0
BRDA:127,5,0,0
BRDA:127,5,1,0
BRDA:141,6,0,0
BRDA:141,6,1,0
BRF:14
BRH:0
end_of_record
TN:
SF:src\pages\CreateTask.jsx
FN:5,(anonymous_0)
FN:14,(anonymous_1)
FN:15,(anonymous_2)
FN:32,(anonymous_3)
FN:111,(anonymous_4)
FN:131,(anonymous_5)
FN:150,(anonymous_6)
FN:157,(anonymous_7)
FN:183,(anonymous_8)
FN:206,(anonymous_9)
FN:233,(anonymous_10)
FNF:11
FNH:0
FNDA:0,(anonymous_0)
FNDA:0,(anonymous_1)
FNDA:0,(anonymous_2)
FNDA:0,(anonymous_3)
FNDA:0,(anonymous_4)
FNDA:0,(anonymous_5)
FNDA:0,(anonymous_6)
FNDA:0,(anonymous_7)
FNDA:0,(anonymous_8)
FNDA:0,(anonymous_9)
FNDA:0,(anonymous_10)
DA:5,1
DA:6,0
DA:7,0
DA:8,0
DA:9,0
DA:10,0
DA:11,0
DA:14,0
DA:15,0
DA:16,0
DA:17,0
DA:18,0
DA:21,0
DA:23,0
DA:27,0
DA:28,0
DA:32,0
DA:33,0
DA:34,0
DA:35,0
DA:36,0
DA:39,0
DA:40,0
DA:42,0
DA:46,0
DA:111,0
DA:131,0
DA:150,0
DA:158,0
DA:183,0
DA:206,0
DA:233,0
LF:32
LH:1
BRDA:27,0,0,0
BRDA:27,0,1,0
BRDA:136,1,0,0
BRDA:136,1,1,0
BRDA:154,2,0,0
BRDA:154,2,1,0
BRF:6
BRH:0
end_of_record
TN:
SF:src\pages\Dashboard.jsx
FN:7,(anonymous_0)
FN:11,(anonymous_1)
FN:12,(anonymous_2)
FN:35,(anonymous_3)
FNF:4
FNH:3
FNDA:1,(anonymous_0)
FNDA:1,(anonymous_1)
FNDA:1,(anonymous_2)
FNDA:0,(anonymous_3)
DA:7,1
DA:8,1
DA:9,1
DA:11,1
DA:12,1
DA:13,1
DA:14,1
DA:15,1
DA:16,1
DA:19,0
DA:21,0
DA:24,1
DA:27,1
DA:29,1
DA:35,0
LF:15
LH:12
BRDA:15,0,0,0
BRDA:15,0,1,1
BRDA:27,1,0,0
BRDA:27,1,1,1
BRF:4
BRH:2
end_of_record
TN:
SF:src\pages\Login.jsx
FN:6,(anonymous_0)
FN:10,(anonymous_1)
FN:91,(anonymous_2)
FN:107,(anonymous_3)
FN:132,(anonymous_4)
FN:133,(anonymous_5)
FN:134,(anonymous_6)
FN:135,(anonymous_7)
FNF:8
FNH:4
FNDA:16,(anonymous_0)
FNDA:3,(anonymous_1)
FNDA:4,(anonymous_2)
FNDA:4,(anonymous_3)
FNDA:0,(anonymous_4)
FNDA:0,(anonymous_5)
FNDA:0,(anonymous_6)
FNDA:0,(anonymous_7)
DA:6,2
DA:7,16
DA:8,16
DA:10,16
DA:11,3
DA:12,3
DA:13,3
DA:18,2
DA:20,2
DA:21,2
DA:22,2
DA:24,1
DA:28,1
DA:32,1
DA:38,16
DA:91,4
DA:107,4
DA:132,0
DA:133,0
DA:134,0
DA:135,0
LF:21
LH:17
BRDA:22,0,0,1
BRDA:22,0,1,1
BRF:2
BRH:2
end_of_record
TN:
SF:src\pages\Register.jsx
FN:5,(anonymous_0)
FN:8,(anonymous_1)
FN:71,(anonymous_2)
FN:86,(anonymous_3)
FN:101,(anonymous_4)
FN:126,(anonymous_5)
FN:127,(anonymous_6)
FN:128,(anonymous_7)
FN:129,(anonymous_8)
FNF:9
FNH:0
FNDA:0,(anonymous_0)
FNDA:0,(anonymous_1)
FNDA:0,(anonymous_2)
FNDA:0,(anonymous_3)
FNDA:0,(anonymous_4)
FNDA:0,(anonymous_5)
FNDA:0,(anonymous_6)
FNDA:0,(anonymous_7)
FNDA:0,(anonymous_8)
DA:5,1
DA:6,0
DA:8,0
DA:9,0
DA:10,0
DA:11,0
DA:12,0
DA:13,0
DA:15,0
DA:19,0
DA:71,0
DA:86,0
DA:101,0
DA:126,0
DA:127,0
DA:128,0
DA:129,0
LF:17
LH:1
BRDA:15,0,0,0
BRDA:15,0,1,0
BRF:2
BRH:0
end_of_record
TN:
SF:src\pages\Tasklist.jsx
FN:7,(anonymous_0)
FN:14,(anonymous_1)
FN:15,(anonymous_2)
FN:28,(anonymous_3)
FN:34,(anonymous_4)
FNF:5
FNH:3
FNDA:1,(anonymous_0)
FNDA:1,(anonymous_1)
FNDA:1,(anonymous_2)
FNDA:0,(anonymous_3)
FNDA:0,(anonymous_4)
DA:7,1
DA:8,1
DA:9,1
DA:10,1
DA:11,1
DA:12,1
DA:14,1
DA:15,1
DA:16,1
DA:17,1
DA:20,0
DA:22,0
DA:25,1
DA:28,1
DA:29,0
DA:30,0
DA:31,0
DA:34,0
DA:36,0
DA:41,1
LF:20
LH:13
BRDA:29,0,0,0
BRDA:29,0,1,0
BRDA:74,1,0,1
BRDA:74,1,1,0
BRDA:77,2,0,0
BRDA:77,2,1,0
BRF:6
BRH:1
end_of_record
TN:
SF:src\pages\ViewDetails.jsx
FN:4,(anonymous_0)
FN:12,(anonymous_1)
FN:27,(anonymous_2)
FN:196,(anonymous_3)
FN:214,(anonymous_4)
FNF:5
FNH:0
FNDA:0,(anonymous_0)
FNDA:0,(anonymous_1)
FNDA:0,(anonymous_2)
FNDA:0,(anonymous_3)
FNDA:0,(anonymous_4)
DA:4,1
DA:5,0
DA:6,0
DA:7,0
DA:8,0
DA:9,0
DA:10,0
DA:12,0
DA:13,0
DA:14,0
DA:17,0
DA:18,0
DA:19,0
DA:21,0
DA:23,0
DA:27,0
DA:28,0
DA:31,0
DA:32,0
DA:35,0
DA:36,0
DA:40,0
DA:196,0
DA:214,0
LF:24
LH:1
BRDA:17,0,0,0
BRDA:17,0,1,0
BRDA:31,1,0,0
BRDA:31,1,1,0
BRDA:35,2,0,0
BRDA:35,2,1,0
BRDA:93,3,0,0
BRDA:93,3,1,0
BRDA:113,4,0,0
BRDA:113,4,1,0
BRDA:139,5,0,0
BRDA:139,5,1,0
BRDA:159,6,0,0
BRDA:159,6,1,0
BRDA:181,7,0,0
BRDA:181,7,1,0
BRF:16
BRH:0
end_of_record
TN:
SF:src\pages\edit-task.jsx
FN:7,(anonymous_0)
FN:16,(anonymous_1)
FN:17,(anonymous_2)
FN:26,(anonymous_3)
FNF:4
FNH:0
FNDA:0,(anonymous_0)
FNDA:0,(anonymous_1)
FNDA:0,(anonymous_2)
FNDA:0,(anonymous_3)
DA:7,1
DA:8,0
DA:9,0
DA:11,0
DA:12,0
DA:13,0
DA:15,0
DA:17,0
DA:18,0
DA:21,0
DA:26,0
LF:11
LH:1
BRF:0
BRH:0
end_of_record
TN:
SF:src\pages\profile.jsx
FN:5,(anonymous_0)
FN:10,(anonymous_1)
FN:12,(anonymous_2)
FN:15,(anonymous_3)
FN:24,(anonymous_4)
FN:31,(anonymous_5)
FN:34,(anonymous_6)
FN:47,(anonymous_7)
FN:117,(anonymous_8)
FN:149,(anonymous_9)
FN:182,(anonymous_10)
FN:212,(anonymous_11)
FN:239,(anonymous_12)
FNF:13
FNH:0
FNDA:0,(anonymous_0)
FNDA:0,(anonymous_1)
FNDA:0,(anonymous_2)
FNDA:0,(anonymous_3)
FNDA:0,(anonymous_4)
FNDA:0,(anonymous_5)
FNDA:0,(anonymous_6)
FNDA:0,(anonymous_7)
FNDA:0,(anonymous_8)
FNDA:0,(anonymous_9)
FNDA:0,(anonymous_10)
FNDA:0,(anonymous_11)
FNDA:0,(anonymous_12)
DA:5,1
DA:6,0
DA:7,0
DA:8,0
DA:10,0
DA:11,0
DA:12,0
DA:15,0
DA:16,0
DA:17,0
DA:18,0
DA:19,0
DA:22,0
DA:25,0
DA:31,0
DA:34,0
DA:35,0
DA:36,0
DA:37,0
DA:40,0
DA:41,0
DA:43,0
DA:47,0
DA:48,0
DA:49,0
DA:52,0
DA:117,0
DA:149,0
DA:182,0
DA:212,0
DA:239,0
LF:31
LH:1
BRDA:17,0,0,0
BRDA:17,0,1,0
BRDA:26,1,0,0
BRDA:26,1,1,0
BRDA:27,2,0,0
BRDA:27,2,1,0
BRDA:96,3,0,0
BRDA:96,3,1,0
BRDA:104,4,0,0
BRDA:104,4,1,0
BRDA:136,5,0,0
BRDA:136,5,1,0
BRDA:168,6,0,0
BRDA:168,6,1,0
BRDA:202,7,0,0
BRDA:202,7,1,0
BRDA:212,8,0,0
BRDA:212,8,1,0
BRDA:214,9,0,0
BRDA:214,9,1,0
BRDA:217,10,0,0
BRDA:217,10,1,0
BRF:22
BRH:0
end_of_record
TN:
SF:src\pages\viewalltask.jsx
FN:6,(anonymous_0)
FN:18,(anonymous_1)
FN:35,(anonymous_2)
FN:41,(anonymous_3)
FN:48,(anonymous_4)
FN:56,(anonymous_5)
FN:82,(anonymous_6)
FN:109,(anonymous_7)
FNF:8
FNH:8
FNDA:17,(anonymous_0)
FNDA:7,(anonymous_1)
FNDA:2,(anonymous_2)
FNDA:1,(anonymous_3)
FNDA:8,(anonymous_4)
FNDA:7,(anonymous_5)
FNDA:1,(anonymous_6)
FNDA:1,(anonymous_7)
DA:6,2
DA:7,17
DA:8,17
DA:9,17
DA:10,17
DA:11,17
DA:12,17
DA:14,17
DA:15,17
DA:16,17
DA:18,17
DA:19,7
DA:20,7
DA:24,7
DA:25,7
DA:26,6
DA:27,6
DA:29,1
DA:31,7
DA:35,17
DA:36,2
DA:37,2
DA:38,2
DA:41,1
DA:43,1
DA:48,17
DA:49,8
DA:50,1
DA:51,1
DA:53,7
DA:56,17
DA:57,7
DA:60,17
DA:61,9
DA:63,8
DA:82,1
DA:109,1
LF:37
LH:37
BRDA:15,0,0,16
BRDA:15,0,1,1
BRDA:16,1,0,16
BRDA:16,1,1,1
BRDA:20,2,0,1
BRDA:20,2,1,6
BRDA:20,3,0,7
BRDA:20,3,1,1
BRDA:25,4,0,1
BRDA:25,4,1,6
BRDA:36,5,0,2
BRDA:36,5,1,0
BRDA:49,6,0,1
BRDA:49,6,1,7
BRDA:57,7,0,5
BRDA:57,7,1,2
BRDA:60,8,0,8
BRDA:60,8,1,9
BRDA:61,9,0,1
BRDA:61,9,1,8
BRF:20
BRH:19
end_of_record
