<?xml version="1.0" encoding="utf-8"?>
<CoverageSession>
  <Summary numSequencePoints="459" visitedSequencePoints="395" numBranchPoints="110" visitedBranchPoints="79" sequenceCoverage="86.05" branchCoverage="71.81" maxCyclomaticComplexity="166" minCyclomaticComplexity="166" visitedClasses="12" numClasses="13" visitedMethods="67" numMethods="70" />
  <Modules>
    <Module hash="A3E4CBC4-065E-4433-AFEB-A5A28F44E849">
      <ModulePath>TaskManagementAPI.dll</ModulePath>
      <ModuleTime>2026-05-25T09:58:58</ModuleTime>
      <ModuleName>TaskManagementAPI</ModuleName>
      <Files>
        <File uid="1" fullPath="D:\TaskManagementSystem\TaskManagementAPI\TaskManagementAPI\Program.cs" />
        <File uid="2" fullPath="D:\TaskManagementSystem\TaskManagementAPI\TaskManagementAPI\Models\DTOS\CreateTaskDto.cs" />
        <File uid="3" fullPath="D:\TaskManagementSystem\TaskManagementAPI\TaskManagementAPI\Models\DTOS\UpdateProfileDto.cs" />
        <File uid="4" fullPath="D:\TaskManagementSystem\TaskManagementAPI\TaskManagementAPI\Models\DTOS\UpdateTaskDto.cs" />
        <File uid="5" fullPath="D:\TaskManagementSystem\TaskManagementAPI\TaskManagementAPI\Data\AppDbContext.cs" />
        <File uid="6" fullPath="D:\TaskManagementSystem\TaskManagementAPI\TaskManagementAPI\Controllers\TaskController.cs" />
        <File uid="7" fullPath="D:\TaskManagementSystem\TaskManagementAPI\TaskManagementAPI\Controllers\UserController.cs" />
        <File uid="8" fullPath="D:\TaskManagementSystem\TaskManagementAPI\TaskManagementAPI\Services\jwtservice.cs" />
        <File uid="9" fullPath="D:\TaskManagementSystem\TaskManagementAPI\TaskManagementAPI\Models\TaskItem.cs" />
        <File uid="10" fullPath="D:\TaskManagementSystem\TaskManagementAPI\TaskManagementAPI\Models\Users.cs" />
        <File uid="11" fullPath="D:\TaskManagementSystem\TaskManagementAPI\TaskManagementAPI\Models\DTOS\RegisterDto.cs" />
        <File uid="12" fullPath="D:\TaskManagementSystem\TaskManagementAPI\TaskManagementAPI\Models\DTOS\loginDto.cs" />
        <File uid="13" fullPath="D:\TaskManagementSystem\TaskManagementAPI\TaskManagementAPI\Controllers\AuthController.cs" />
      </Files>
      <Classes>
        <Class>
          <Summary numSequencePoints="48" visitedSequencePoints="0" numBranchPoints="0" visitedBranchPoints="0" sequenceCoverage="0" branchCoverage="100" maxCyclomaticComplexity="1" minCyclomaticComplexity="1" visitedClasses="0" numClasses="1" visitedMethods="0" numMethods="1" />
          <FullName>Program/&lt;&lt;Main&gt;$&gt;d__0</FullName>
          <Methods>
            <Method cyclomaticComplexity="1" nPathComplexity="1" sequenceCoverage="0" branchCoverage="100" isConstructor="False" isGetter="False" isSetter="False" isStatic="True">
              <Summary numSequencePoints="48" visitedSequencePoints="0" numBranchPoints="0" visitedBranchPoints="0" sequenceCoverage="0" branchCoverage="100" maxCyclomaticComplexity="1" minCyclomaticComplexity="1" visitedClasses="0" numClasses="0" visitedMethods="0" numMethods="1" />
              <MetadataToken />
              <Name>System.Void Program/&lt;&lt;Main&gt;$&gt;d__0::MoveNext()</Name>
              <FileRef uid="1" />
              <SequencePoints>
                <SequencePoint vc="0" uspid="11" ordinal="0" sl="11" sc="1" el="11" ec="2" bec="0" bev="0" fileid="1" />
                <SequencePoint vc="0" uspid="13" ordinal="1" sl="13" sc="1" el="13" ec="2" bec="0" bev="0" fileid="1" />
                <SequencePoint vc="0" uspid="14" ordinal="2" sl="14" sc="1" el="14" ec="2" bec="0" bev="0" fileid="1" />
                <SequencePoint vc="0" uspid="15" ordinal="3" sl="15" sc="1" el="15" ec="2" bec="0" bev="0" fileid="1" />
                <SequencePoint vc="0" uspid="16" ordinal="4" sl="16" sc="1" el="16" ec="2" bec="0" bev="0" fileid="1" />
                <SequencePoint vc="0" uspid="17" ordinal="5" sl="17" sc="1" el="17" ec="2" bec="0" bev="0" fileid="1" />
                <SequencePoint vc="0" uspid="18" ordinal="6" sl="18" sc="1" el="18" ec="2" bec="0" bev="0" fileid="1" />
                <SequencePoint vc="0" uspid="19" ordinal="7" sl="19" sc="1" el="19" ec="2" bec="0" bev="0" fileid="1" />
                <SequencePoint vc="0" uspid="20" ordinal="8" sl="20" sc="1" el="20" ec="2" bec="0" bev="0" fileid="1" />
                <SequencePoint vc="0" uspid="22" ordinal="9" sl="22" sc="1" el="22" ec="2" bec="0" bev="0" fileid="1" />
                <SequencePoint vc="0" uspid="24" ordinal="10" sl="24" sc="1" el="24" ec="2" bec="0" bev="0" fileid="1" />
                <SequencePoint vc="0" uspid="25" ordinal="11" sl="25" sc="1" el="25" ec="2" bec="0" bev="0" fileid="1" />
                <SequencePoint vc="0" uspid="26" ordinal="12" sl="26" sc="1" el="26" ec="2" bec="0" bev="0" fileid="1" />
                <SequencePoint vc="0" uspid="28" ordinal="13" sl="28" sc="1" el="28" ec="2" bec="0" bev="0" fileid="1" />
                <SequencePoint vc="0" uspid="29" ordinal="14" sl="29" sc="1" el="29" ec="2" bec="0" bev="0" fileid="1" />
                <SequencePoint vc="0" uspid="30" ordinal="15" sl="30" sc="1" el="30" ec="2" bec="0" bev="0" fileid="1" />
                <SequencePoint vc="0" uspid="31" ordinal="16" sl="31" sc="1" el="31" ec="2" bec="0" bev="0" fileid="1" />
                <SequencePoint vc="0" uspid="32" ordinal="17" sl="32" sc="1" el="32" ec="2" bec="0" bev="0" fileid="1" />
                <SequencePoint vc="0" uspid="33" ordinal="18" sl="33" sc="1" el="33" ec="2" bec="0" bev="0" fileid="1" />
                <SequencePoint vc="0" uspid="34" ordinal="19" sl="34" sc="1" el="34" ec="2" bec="0" bev="0" fileid="1" />
                <SequencePoint vc="0" uspid="35" ordinal="20" sl="35" sc="1" el="35" ec="2" bec="0" bev="0" fileid="1" />
                <SequencePoint vc="0" uspid="36" ordinal="21" sl="36" sc="1" el="36" ec="2" bec="0" bev="0" fileid="1" />
                <SequencePoint vc="0" uspid="37" ordinal="22" sl="37" sc="1" el="37" ec="2" bec="0" bev="0" fileid="1" />
                <SequencePoint vc="0" uspid="38" ordinal="23" sl="38" sc="1" el="38" ec="2" bec="0" bev="0" fileid="1" />
                <SequencePoint vc="0" uspid="39" ordinal="24" sl="39" sc="1" el="39" ec="2" bec="0" bev="0" fileid="1" />
                <SequencePoint vc="0" uspid="40" ordinal="25" sl="40" sc="1" el="40" ec="2" bec="0" bev="0" fileid="1" />
                <SequencePoint vc="0" uspid="41" ordinal="26" sl="41" sc="1" el="41" ec="2" bec="0" bev="0" fileid="1" />
                <SequencePoint vc="0" uspid="42" ordinal="27" sl="42" sc="1" el="42" ec="2" bec="0" bev="0" fileid="1" />
                <SequencePoint vc="0" uspid="44" ordinal="28" sl="44" sc="1" el="44" ec="2" bec="0" bev="0" fileid="1" />
                <SequencePoint vc="0" uspid="45" ordinal="29" sl="45" sc="1" el="45" ec="2" bec="0" bev="0" fileid="1" />
                <SequencePoint vc="0" uspid="46" ordinal="30" sl="46" sc="1" el="46" ec="2" bec="0" bev="0" fileid="1" />
                <SequencePoint vc="0" uspid="47" ordinal="31" sl="47" sc="1" el="47" ec="2" bec="0" bev="0" fileid="1" />
                <SequencePoint vc="0" uspid="48" ordinal="32" sl="48" sc="1" el="48" ec="2" bec="0" bev="0" fileid="1" />
                <SequencePoint vc="0" uspid="49" ordinal="33" sl="49" sc="1" el="49" ec="2" bec="0" bev="0" fileid="1" />
                <SequencePoint vc="0" uspid="51" ordinal="34" sl="51" sc="1" el="51" ec="2" bec="0" bev="0" fileid="1" />
                <SequencePoint vc="0" uspid="52" ordinal="35" sl="52" sc="1" el="52" ec="2" bec="0" bev="0" fileid="1" />
                <SequencePoint vc="0" uspid="54" ordinal="36" sl="54" sc="1" el="54" ec="2" bec="0" bev="0" fileid="1" />
                <SequencePoint vc="0" uspid="55" ordinal="37" sl="55" sc="1" el="55" ec="2" bec="0" bev="0" fileid="1" />
                <SequencePoint vc="0" uspid="56" ordinal="38" sl="56" sc="1" el="56" ec="2" bec="0" bev="0" fileid="1" />
                <SequencePoint vc="0" uspid="57" ordinal="39" sl="57" sc="1" el="57" ec="2" bec="0" bev="0" fileid="1" />
                <SequencePoint vc="0" uspid="58" ordinal="40" sl="58" sc="1" el="58" ec="2" bec="0" bev="0" fileid="1" />
                <SequencePoint vc="0" uspid="60" ordinal="41" sl="60" sc="1" el="60" ec="2" bec="0" bev="0" fileid="1" />
                <SequencePoint vc="0" uspid="61" ordinal="42" sl="61" sc="1" el="61" ec="2" bec="0" bev="0" fileid="1" />
                <SequencePoint vc="0" uspid="63" ordinal="43" sl="63" sc="1" el="63" ec="2" bec="0" bev="0" fileid="1" />
                <SequencePoint vc="0" uspid="66" ordinal="44" sl="66" sc="1" el="66" ec="2" bec="0" bev="0" fileid="1" />
                <SequencePoint vc="0" uspid="67" ordinal="45" sl="67" sc="1" el="67" ec="2" bec="0" bev="0" fileid="1" />
                <SequencePoint vc="0" uspid="69" ordinal="46" sl="69" sc="1" el="69" ec="2" bec="0" bev="0" fileid="1" />
                <SequencePoint vc="0" uspid="71" ordinal="47" sl="71" sc="1" el="71" ec="2" bec="0" bev="0" fileid="1" />
              </SequencePoints>
              <BranchPoints />
              <MethodPoint vc="0" uspid="0" p8:type="SequencePoint" ordinal="0" offset="0" sc="0" sl="11" ec="1" el="71" bec="0" bev="0" fileid="1" xmlns:p8="xsi" />
            </Method>
          </Methods>
        </Class>
        <Class>
          <Summary numSequencePoints="5" visitedSequencePoints="5" numBranchPoints="0" visitedBranchPoints="0" sequenceCoverage="100" branchCoverage="100" maxCyclomaticComplexity="1" minCyclomaticComplexity="1" visitedClasses="1" numClasses="1" visitedMethods="5" numMethods="5" />
          <FullName>TaskManagementAPI.Models.DTOS.CreateTaskDto</FullName>
          <Methods>
            <Method cyclomaticComplexity="1" nPathComplexity="1" sequenceCoverage="100" branchCoverage="100" isConstructor="False" isGetter="True" isSetter="False" isStatic="True">
              <Summary numSequencePoints="1" visitedSequencePoints="1" numBranchPoints="0" visitedBranchPoints="0" sequenceCoverage="100" branchCoverage="100" maxCyclomaticComplexity="1" minCyclomaticComplexity="1" visitedClasses="0" numClasses="0" visitedMethods="1" numMethods="1" />
              <MetadataToken />
              <Name>System.Int32 TaskManagementAPI.Models.DTOS.CreateTaskDto::get_UserId()</Name>
              <FileRef uid="2" />
              <SequencePoints>
                <SequencePoint vc="6" uspid="6" ordinal="0" sl="6" sc="1" el="6" ec="2" bec="0" bev="0" fileid="2" />
              </SequencePoints>
              <BranchPoints />
              <MethodPoint vc="1" uspid="0" p8:type="SequencePoint" ordinal="0" offset="0" sc="0" sl="6" ec="1" el="6" bec="0" bev="0" fileid="2" xmlns:p8="xsi" />
            </Method>
            <Method cyclomaticComplexity="1" nPathComplexity="1" sequenceCoverage="100" branchCoverage="100" isConstructor="False" isGetter="True" isSetter="False" isStatic="True">
              <Summary numSequencePoints="1" visitedSequencePoints="1" numBranchPoints="0" visitedBranchPoints="0" sequenceCoverage="100" branchCoverage="100" maxCyclomaticComplexity="1" minCyclomaticComplexity="1" visitedClasses="0" numClasses="0" visitedMethods="1" numMethods="1" />
              <MetadataToken />
              <Name>System.String TaskManagementAPI.Models.DTOS.CreateTaskDto::get_Title()</Name>
              <FileRef uid="2" />
              <SequencePoints>
                <SequencePoint vc="4" uspid="7" ordinal="0" sl="7" sc="1" el="7" ec="2" bec="0" bev="0" fileid="2" />
              </SequencePoints>
              <BranchPoints />
              <MethodPoint vc="1" uspid="0" p8:type="SequencePoint" ordinal="1" offset="1" sc="0" sl="7" ec="1" el="7" bec="0" bev="0" fileid="2" xmlns:p8="xsi" />
            </Method>
            <Method cyclomaticComplexity="1" nPathComplexity="1" sequenceCoverage="100" branchCoverage="100" isConstructor="False" isGetter="True" isSetter="False" isStatic="True">
              <Summary numSequencePoints="1" visitedSequencePoints="1" numBranchPoints="0" visitedBranchPoints="0" sequenceCoverage="100" branchCoverage="100" maxCyclomaticComplexity="1" minCyclomaticComplexity="1" visitedClasses="0" numClasses="0" visitedMethods="1" numMethods="1" />
              <MetadataToken />
              <Name>System.String TaskManagementAPI.Models.DTOS.CreateTaskDto::get_Descriptions()</Name>
              <FileRef uid="2" />
              <SequencePoints>
                <SequencePoint vc="4" uspid="8" ordinal="0" sl="8" sc="1" el="8" ec="2" bec="0" bev="0" fileid="2" />
              </SequencePoints>
              <BranchPoints />
              <MethodPoint vc="1" uspid="0" p8:type="SequencePoint" ordinal="2" offset="2" sc="0" sl="8" ec="1" el="8" bec="0" bev="0" fileid="2" xmlns:p8="xsi" />
            </Method>
            <Method cyclomaticComplexity="1" nPathComplexity="1" sequenceCoverage="100" branchCoverage="100" isConstructor="False" isGetter="True" isSetter="False" isStatic="True">
              <Summary numSequencePoints="1" visitedSequencePoints="1" numBranchPoints="0" visitedBranchPoints="0" sequenceCoverage="100" branchCoverage="100" maxCyclomaticComplexity="1" minCyclomaticComplexity="1" visitedClasses="0" numClasses="0" visitedMethods="1" numMethods="1" />
              <MetadataToken />
              <Name>System.String TaskManagementAPI.Models.DTOS.CreateTaskDto::get_TaskPriority()</Name>
              <FileRef uid="2" />
              <SequencePoints>
                <SequencePoint vc="4" uspid="9" ordinal="0" sl="9" sc="1" el="9" ec="2" bec="0" bev="0" fileid="2" />
              </SequencePoints>
              <BranchPoints />
              <MethodPoint vc="1" uspid="0" p8:type="SequencePoint" ordinal="3" offset="3" sc="0" sl="9" ec="1" el="9" bec="0" bev="0" fileid="2" xmlns:p8="xsi" />
            </Method>
            <Method cyclomaticComplexity="1" nPathComplexity="1" sequenceCoverage="100" branchCoverage="100" isConstructor="False" isGetter="True" isSetter="False" isStatic="True">
              <Summary numSequencePoints="1" visitedSequencePoints="1" numBranchPoints="0" visitedBranchPoints="0" sequenceCoverage="100" branchCoverage="100" maxCyclomaticComplexity="1" minCyclomaticComplexity="1" visitedClasses="0" numClasses="0" visitedMethods="1" numMethods="1" />
              <MetadataToken />
              <Name>System.Nullable`1&lt;System.DateTime&gt; TaskManagementAPI.Models.DTOS.CreateTaskDto::get_DueDate()</Name>
              <FileRef uid="2" />
              <SequencePoints>
                <SequencePoint vc="4" uspid="10" ordinal="0" sl="10" sc="1" el="10" ec="2" bec="0" bev="0" fileid="2" />
              </SequencePoints>
              <BranchPoints />
              <MethodPoint vc="1" uspid="0" p8:type="SequencePoint" ordinal="4" offset="4" sc="0" sl="10" ec="1" el="10" bec="0" bev="0" fileid="2" xmlns:p8="xsi" />
            </Method>
          </Methods>
        </Class>
        <Class>
          <Summary numSequencePoints="3" visitedSequencePoints="2" numBranchPoints="0" visitedBranchPoints="0" sequenceCoverage="66.66" branchCoverage="100" maxCyclomaticComplexity="1" minCyclomaticComplexity="1" visitedClasses="1" numClasses="1" visitedMethods="2" numMethods="3" />
          <FullName>TaskManagementAPI.Models.DTOS.UpdateProfileDto</FullName>
          <Methods>
            <Method cyclomaticComplexity="1" nPathComplexity="1" sequenceCoverage="100" branchCoverage="100" isConstructor="False" isGetter="True" isSetter="False" isStatic="True">
              <Summary numSequencePoints="1" visitedSequencePoints="1" numBranchPoints="0" visitedBranchPoints="0" sequenceCoverage="100" branchCoverage="100" maxCyclomaticComplexity="1" minCyclomaticComplexity="1" visitedClasses="0" numClasses="0" visitedMethods="1" numMethods="1" />
              <MetadataToken />
              <Name>System.String TaskManagementAPI.Models.DTOS.UpdateProfileDto::get_UserName()</Name>
              <FileRef uid="3" />
              <SequencePoints>
                <SequencePoint vc="5" uspid="5" ordinal="0" sl="5" sc="1" el="5" ec="2" bec="0" bev="0" fileid="3" />
              </SequencePoints>
              <BranchPoints />
              <MethodPoint vc="1" uspid="0" p8:type="SequencePoint" ordinal="0" offset="0" sc="0" sl="5" ec="1" el="5" bec="0" bev="0" fileid="3" xmlns:p8="xsi" />
            </Method>
            <Method cyclomaticComplexity="1" nPathComplexity="1" sequenceCoverage="100" branchCoverage="100" isConstructor="False" isGetter="True" isSetter="False" isStatic="True">
              <Summary numSequencePoints="1" visitedSequencePoints="1" numBranchPoints="0" visitedBranchPoints="0" sequenceCoverage="100" branchCoverage="100" maxCyclomaticComplexity="1" minCyclomaticComplexity="1" visitedClasses="0" numClasses="0" visitedMethods="1" numMethods="1" />
              <MetadataToken />
              <Name>System.String TaskManagementAPI.Models.DTOS.UpdateProfileDto::get_Email()</Name>
              <FileRef uid="3" />
              <SequencePoints>
                <SequencePoint vc="4" uspid="6" ordinal="0" sl="6" sc="1" el="6" ec="2" bec="0" bev="0" fileid="3" />
              </SequencePoints>
              <BranchPoints />
              <MethodPoint vc="1" uspid="0" p8:type="SequencePoint" ordinal="1" offset="1" sc="0" sl="6" ec="1" el="6" bec="0" bev="0" fileid="3" xmlns:p8="xsi" />
            </Method>
            <Method cyclomaticComplexity="1" nPathComplexity="1" sequenceCoverage="0" branchCoverage="100" isConstructor="False" isGetter="True" isSetter="False" isStatic="True">
              <Summary numSequencePoints="1" visitedSequencePoints="0" numBranchPoints="0" visitedBranchPoints="0" sequenceCoverage="0" branchCoverage="100" maxCyclomaticComplexity="1" minCyclomaticComplexity="1" visitedClasses="0" numClasses="0" visitedMethods="0" numMethods="1" />
              <MetadataToken />
              <Name>System.String TaskManagementAPI.Models.DTOS.UpdateProfileDto::get_Password()</Name>
              <FileRef uid="3" />
              <SequencePoints>
                <SequencePoint vc="0" uspid="7" ordinal="0" sl="7" sc="1" el="7" ec="2" bec="0" bev="0" fileid="3" />
              </SequencePoints>
              <BranchPoints />
              <MethodPoint vc="0" uspid="0" p8:type="SequencePoint" ordinal="2" offset="2" sc="0" sl="7" ec="1" el="7" bec="0" bev="0" fileid="3" xmlns:p8="xsi" />
            </Method>
          </Methods>
        </Class>
        <Class>
          <Summary numSequencePoints="5" visitedSequencePoints="5" numBranchPoints="0" visitedBranchPoints="0" sequenceCoverage="100" branchCoverage="100" maxCyclomaticComplexity="1" minCyclomaticComplexity="1" visitedClasses="1" numClasses="1" visitedMethods="5" numMethods="5" />
          <FullName>TaskManagementAPI.Models.DTOS.UpdateTaskDto</FullName>
          <Methods>
            <Method cyclomaticComplexity="1" nPathComplexity="1" sequenceCoverage="100" branchCoverage="100" isConstructor="False" isGetter="True" isSetter="False" isStatic="True">
              <Summary numSequencePoints="1" visitedSequencePoints="1" numBranchPoints="0" visitedBranchPoints="0" sequenceCoverage="100" branchCoverage="100" maxCyclomaticComplexity="1" minCyclomaticComplexity="1" visitedClasses="0" numClasses="0" visitedMethods="1" numMethods="1" />
              <MetadataToken />
              <Name>System.String TaskManagementAPI.Models.DTOS.UpdateTaskDto::get_Title()</Name>
              <FileRef uid="4" />
              <SequencePoints>
                <SequencePoint vc="6" uspid="5" ordinal="0" sl="5" sc="1" el="5" ec="2" bec="0" bev="0" fileid="4" />
              </SequencePoints>
              <BranchPoints />
              <MethodPoint vc="1" uspid="0" p8:type="SequencePoint" ordinal="0" offset="0" sc="0" sl="5" ec="1" el="5" bec="0" bev="0" fileid="4" xmlns:p8="xsi" />
            </Method>
            <Method cyclomaticComplexity="1" nPathComplexity="1" sequenceCoverage="100" branchCoverage="100" isConstructor="False" isGetter="True" isSetter="False" isStatic="True">
              <Summary numSequencePoints="1" visitedSequencePoints="1" numBranchPoints="0" visitedBranchPoints="0" sequenceCoverage="100" branchCoverage="100" maxCyclomaticComplexity="1" minCyclomaticComplexity="1" visitedClasses="0" numClasses="0" visitedMethods="1" numMethods="1" />
              <MetadataToken />
              <Name>System.String TaskManagementAPI.Models.DTOS.UpdateTaskDto::get_Descriptions()</Name>
              <FileRef uid="4" />
              <SequencePoints>
                <SequencePoint vc="6" uspid="6" ordinal="0" sl="6" sc="1" el="6" ec="2" bec="0" bev="0" fileid="4" />
              </SequencePoints>
              <BranchPoints />
              <MethodPoint vc="1" uspid="0" p8:type="SequencePoint" ordinal="1" offset="1" sc="0" sl="6" ec="1" el="6" bec="0" bev="0" fileid="4" xmlns:p8="xsi" />
            </Method>
            <Method cyclomaticComplexity="1" nPathComplexity="1" sequenceCoverage="100" branchCoverage="100" isConstructor="False" isGetter="True" isSetter="False" isStatic="True">
              <Summary numSequencePoints="1" visitedSequencePoints="1" numBranchPoints="0" visitedBranchPoints="0" sequenceCoverage="100" branchCoverage="100" maxCyclomaticComplexity="1" minCyclomaticComplexity="1" visitedClasses="0" numClasses="0" visitedMethods="1" numMethods="1" />
              <MetadataToken />
              <Name>System.String TaskManagementAPI.Models.DTOS.UpdateTaskDto::get_TaskStatus()</Name>
              <FileRef uid="4" />
              <SequencePoints>
                <SequencePoint vc="6" uspid="7" ordinal="0" sl="7" sc="1" el="7" ec="2" bec="0" bev="0" fileid="4" />
              </SequencePoints>
              <BranchPoints />
              <MethodPoint vc="1" uspid="0" p8:type="SequencePoint" ordinal="2" offset="2" sc="0" sl="7" ec="1" el="7" bec="0" bev="0" fileid="4" xmlns:p8="xsi" />
            </Method>
            <Method cyclomaticComplexity="1" nPathComplexity="1" sequenceCoverage="100" branchCoverage="100" isConstructor="False" isGetter="True" isSetter="False" isStatic="True">
              <Summary numSequencePoints="1" visitedSequencePoints="1" numBranchPoints="0" visitedBranchPoints="0" sequenceCoverage="100" branchCoverage="100" maxCyclomaticComplexity="1" minCyclomaticComplexity="1" visitedClasses="0" numClasses="0" visitedMethods="1" numMethods="1" />
              <MetadataToken />
              <Name>System.String TaskManagementAPI.Models.DTOS.UpdateTaskDto::get_TaskPriority()</Name>
              <FileRef uid="4" />
              <SequencePoints>
                <SequencePoint vc="6" uspid="8" ordinal="0" sl="8" sc="1" el="8" ec="2" bec="0" bev="0" fileid="4" />
              </SequencePoints>
              <BranchPoints />
              <MethodPoint vc="1" uspid="0" p8:type="SequencePoint" ordinal="3" offset="3" sc="0" sl="8" ec="1" el="8" bec="0" bev="0" fileid="4" xmlns:p8="xsi" />
            </Method>
            <Method cyclomaticComplexity="1" nPathComplexity="1" sequenceCoverage="100" branchCoverage="100" isConstructor="False" isGetter="True" isSetter="False" isStatic="True">
              <Summary numSequencePoints="1" visitedSequencePoints="1" numBranchPoints="0" visitedBranchPoints="0" sequenceCoverage="100" branchCoverage="100" maxCyclomaticComplexity="1" minCyclomaticComplexity="1" visitedClasses="0" numClasses="0" visitedMethods="1" numMethods="1" />
              <MetadataToken />
              <Name>System.Nullable`1&lt;System.DateTime&gt; TaskManagementAPI.Models.DTOS.UpdateTaskDto::get_DueDate()</Name>
              <FileRef uid="4" />
              <SequencePoints>
                <SequencePoint vc="6" uspid="9" ordinal="0" sl="9" sc="1" el="9" ec="2" bec="0" bev="0" fileid="4" />
              </SequencePoints>
              <BranchPoints />
              <MethodPoint vc="1" uspid="0" p8:type="SequencePoint" ordinal="4" offset="4" sc="0" sl="9" ec="1" el="9" bec="0" bev="0" fileid="4" xmlns:p8="xsi" />
            </Method>
          </Methods>
        </Class>
        <Class>
          <Summary numSequencePoints="13" visitedSequencePoints="13" numBranchPoints="0" visitedBranchPoints="0" sequenceCoverage="100" branchCoverage="100" maxCyclomaticComplexity="1" minCyclomaticComplexity="1" visitedClasses="1" numClasses="1" visitedMethods="4" numMethods="4" />
          <FullName>TaskManagementAPI.Data.AppDbContext</FullName>
          <Methods>
            <Method cyclomaticComplexity="1" nPathComplexity="1" sequenceCoverage="100" branchCoverage="100" isConstructor="False" isGetter="True" isSetter="False" isStatic="True">
              <Summary numSequencePoints="1" visitedSequencePoints="1" numBranchPoints="0" visitedBranchPoints="0" sequenceCoverage="100" branchCoverage="100" maxCyclomaticComplexity="1" minCyclomaticComplexity="1" visitedClasses="0" numClasses="0" visitedMethods="1" numMethods="1" />
              <MetadataToken />
              <Name>Microsoft.EntityFrameworkCore.DbSet`1&lt;TaskManagerAPI.Models.Users&gt; TaskManagementAPI.Data.AppDbContext::get_Users()</Name>
              <FileRef uid="5" />
              <SequencePoints>
                <SequencePoint vc="182" uspid="12" ordinal="0" sl="12" sc="1" el="12" ec="2" bec="0" bev="0" fileid="5" />
              </SequencePoints>
              <BranchPoints />
              <MethodPoint vc="1" uspid="0" p8:type="SequencePoint" ordinal="0" offset="0" sc="0" sl="12" ec="1" el="12" bec="0" bev="0" fileid="5" xmlns:p8="xsi" />
            </Method>
            <Method cyclomaticComplexity="1" nPathComplexity="1" sequenceCoverage="100" branchCoverage="100" isConstructor="False" isGetter="True" isSetter="False" isStatic="True">
              <Summary numSequencePoints="1" visitedSequencePoints="1" numBranchPoints="0" visitedBranchPoints="0" sequenceCoverage="100" branchCoverage="100" maxCyclomaticComplexity="1" minCyclomaticComplexity="1" visitedClasses="0" numClasses="0" visitedMethods="1" numMethods="1" />
              <MetadataToken />
              <Name>Microsoft.EntityFrameworkCore.DbSet`1&lt;TaskManagerAPI.Models.TaskItem&gt; TaskManagementAPI.Data.AppDbContext::get_TaskItems()</Name>
              <FileRef uid="5" />
              <SequencePoints>
                <SequencePoint vc="175" uspid="13" ordinal="0" sl="13" sc="1" el="13" ec="2" bec="0" bev="0" fileid="5" />
              </SequencePoints>
              <BranchPoints />
              <MethodPoint vc="1" uspid="0" p8:type="SequencePoint" ordinal="1" offset="1" sc="0" sl="13" ec="1" el="13" bec="0" bev="0" fileid="5" xmlns:p8="xsi" />
            </Method>
            <Method cyclomaticComplexity="1" nPathComplexity="1" sequenceCoverage="100" branchCoverage="100" isConstructor="False" isGetter="False" isSetter="False" isStatic="True">
              <Summary numSequencePoints="8" visitedSequencePoints="8" numBranchPoints="0" visitedBranchPoints="0" sequenceCoverage="100" branchCoverage="100" maxCyclomaticComplexity="1" minCyclomaticComplexity="1" visitedClasses="0" numClasses="0" visitedMethods="1" numMethods="1" />
              <MetadataToken />
              <Name>System.Void TaskManagementAPI.Data.AppDbContext::OnModelCreating(Microsoft.EntityFrameworkCore.ModelBuilder)</Name>
              <FileRef uid="5" />
              <SequencePoints>
                <SequencePoint vc="1" uspid="16" ordinal="0" sl="16" sc="1" el="16" ec="2" bec="0" bev="0" fileid="5" />
                <SequencePoint vc="1" uspid="17" ordinal="1" sl="17" sc="1" el="17" ec="2" bec="0" bev="0" fileid="5" />
                <SequencePoint vc="1" uspid="18" ordinal="2" sl="18" sc="1" el="18" ec="2" bec="0" bev="0" fileid="5" />
                <SequencePoint vc="1" uspid="20" ordinal="3" sl="20" sc="1" el="20" ec="2" bec="0" bev="0" fileid="5" />
                <SequencePoint vc="1" uspid="21" ordinal="4" sl="21" sc="1" el="21" ec="2" bec="0" bev="0" fileid="5" />
                <SequencePoint vc="1" uspid="22" ordinal="5" sl="22" sc="1" el="22" ec="2" bec="0" bev="0" fileid="5" />
                <SequencePoint vc="1" uspid="23" ordinal="6" sl="23" sc="1" el="23" ec="2" bec="0" bev="0" fileid="5" />
                <SequencePoint vc="1" uspid="24" ordinal="7" sl="24" sc="1" el="24" ec="2" bec="0" bev="0" fileid="5" />
              </SequencePoints>
              <BranchPoints />
              <MethodPoint vc="8" uspid="0" p8:type="SequencePoint" ordinal="2" offset="2" sc="0" sl="16" ec="1" el="24" bec="0" bev="0" fileid="5" xmlns:p8="xsi" />
            </Method>
            <Method cyclomaticComplexity="1" nPathComplexity="1" sequenceCoverage="100" branchCoverage="100" isConstructor="True" isGetter="False" isSetter="False" isStatic="True">
              <Summary numSequencePoints="3" visitedSequencePoints="3" numBranchPoints="0" visitedBranchPoints="0" sequenceCoverage="100" branchCoverage="100" maxCyclomaticComplexity="1" minCyclomaticComplexity="1" visitedClasses="0" numClasses="0" visitedMethods="1" numMethods="1" />
              <MetadataToken />
              <Name>System.Void TaskManagementAPI.Data.AppDbContext::.ctor(Microsoft.EntityFrameworkCore.DbContextOptions`1&lt;TaskManagementAPI.Data.AppDbContext&gt;)</Name>
              <FileRef uid="5" />
              <SequencePoints>
                <SequencePoint vc="41" uspid="8" ordinal="0" sl="8" sc="1" el="8" ec="2" bec="0" bev="0" fileid="5" />
                <SequencePoint vc="41" uspid="9" ordinal="1" sl="9" sc="1" el="9" ec="2" bec="0" bev="0" fileid="5" />
                <SequencePoint vc="41" uspid="11" ordinal="2" sl="11" sc="1" el="11" ec="2" bec="0" bev="0" fileid="5" />
              </SequencePoints>
              <BranchPoints />
              <MethodPoint vc="3" uspid="0" p8:type="SequencePoint" ordinal="3" offset="3" sc="0" sl="8" ec="1" el="11" bec="0" bev="0" fileid="5" xmlns:p8="xsi" />
            </Method>
          </Methods>
        </Class>
        <Class>
          <Summary numSequencePoints="187" visitedSequencePoints="179" numBranchPoints="66" visitedBranchPoints="46" sequenceCoverage="95.72" branchCoverage="69.69" maxCyclomaticComplexity="14" minCyclomaticComplexity="1" visitedClasses="1" numClasses="1" visitedMethods="11" numMethods="11" />
          <FullName>TaskManagementAPI.Controllers.TaskController</FullName>
          <Methods>
            <Method cyclomaticComplexity="1" nPathComplexity="1" sequenceCoverage="100" branchCoverage="100" isConstructor="False" isGetter="False" isSetter="False" isStatic="True">
              <Summary numSequencePoints="17" visitedSequencePoints="17" numBranchPoints="0" visitedBranchPoints="0" sequenceCoverage="100" branchCoverage="100" maxCyclomaticComplexity="1" minCyclomaticComplexity="1" visitedClasses="0" numClasses="0" visitedMethods="1" numMethods="1" />
              <MetadataToken />
              <Name>Microsoft.AspNetCore.Mvc.IActionResult TaskManagementAPI.Controllers.TaskController::AdminStats()</Name>
              <FileRef uid="6" />
              <SequencePoints>
                <SequencePoint vc="1" uspid="32" ordinal="0" sl="32" sc="1" el="32" ec="2" bec="0" bev="0" fileid="6" />
                <SequencePoint vc="1" uspid="33" ordinal="1" sl="33" sc="1" el="33" ec="2" bec="0" bev="0" fileid="6" />
                <SequencePoint vc="1" uspid="34" ordinal="2" sl="34" sc="1" el="34" ec="2" bec="0" bev="0" fileid="6" />
                <SequencePoint vc="1" uspid="35" ordinal="3" sl="35" sc="1" el="35" ec="2" bec="0" bev="0" fileid="6" />
                <SequencePoint vc="1" uspid="36" ordinal="4" sl="36" sc="1" el="36" ec="2" bec="0" bev="0" fileid="6" />
                <SequencePoint vc="1" uspid="37" ordinal="5" sl="37" sc="1" el="37" ec="2" bec="0" bev="0" fileid="6" />
                <SequencePoint vc="1" uspid="38" ordinal="6" sl="38" sc="1" el="38" ec="2" bec="0" bev="0" fileid="6" />
                <SequencePoint vc="1" uspid="39" ordinal="7" sl="39" sc="1" el="39" ec="2" bec="0" bev="0" fileid="6" />
                <SequencePoint vc="1" uspid="40" ordinal="8" sl="40" sc="1" el="40" ec="2" bec="0" bev="0" fileid="6" />
                <SequencePoint vc="1" uspid="41" ordinal="9" sl="41" sc="1" el="41" ec="2" bec="0" bev="0" fileid="6" />
                <SequencePoint vc="1" uspid="42" ordinal="10" sl="42" sc="1" el="42" ec="2" bec="0" bev="0" fileid="6" />
                <SequencePoint vc="1" uspid="43" ordinal="11" sl="43" sc="1" el="43" ec="2" bec="0" bev="0" fileid="6" />
                <SequencePoint vc="1" uspid="44" ordinal="12" sl="44" sc="1" el="44" ec="2" bec="0" bev="0" fileid="6" />
                <SequencePoint vc="1" uspid="45" ordinal="13" sl="45" sc="1" el="45" ec="2" bec="0" bev="0" fileid="6" />
                <SequencePoint vc="1" uspid="46" ordinal="14" sl="46" sc="1" el="46" ec="2" bec="0" bev="0" fileid="6" />
                <SequencePoint vc="1" uspid="47" ordinal="15" sl="47" sc="1" el="47" ec="2" bec="0" bev="0" fileid="6" />
                <SequencePoint vc="1" uspid="48" ordinal="16" sl="48" sc="1" el="48" ec="2" bec="0" bev="0" fileid="6" />
              </SequencePoints>
              <BranchPoints />
              <MethodPoint vc="17" uspid="0" p8:type="SequencePoint" ordinal="0" offset="0" sc="0" sl="32" ec="1" el="48" bec="0" bev="0" fileid="6" xmlns:p8="xsi" />
            </Method>
            <Method cyclomaticComplexity="1" nPathComplexity="1" sequenceCoverage="100" branchCoverage="100" isConstructor="False" isGetter="False" isSetter="False" isStatic="True">
              <Summary numSequencePoints="12" visitedSequencePoints="12" numBranchPoints="0" visitedBranchPoints="0" sequenceCoverage="100" branchCoverage="100" maxCyclomaticComplexity="1" minCyclomaticComplexity="1" visitedClasses="0" numClasses="0" visitedMethods="1" numMethods="1" />
              <MetadataToken />
              <Name>Microsoft.AspNetCore.Mvc.IActionResult TaskManagementAPI.Controllers.TaskController::GetAllUsers()</Name>
              <FileRef uid="6" />
              <SequencePoints>
                <SequencePoint vc="2" uspid="54" ordinal="0" sl="54" sc="1" el="54" ec="2" bec="0" bev="0" fileid="6" />
                <SequencePoint vc="2" uspid="55" ordinal="1" sl="55" sc="1" el="55" ec="2" bec="0" bev="0" fileid="6" />
                <SequencePoint vc="2" uspid="56" ordinal="2" sl="56" sc="1" el="56" ec="2" bec="0" bev="0" fileid="6" />
                <SequencePoint vc="2" uspid="57" ordinal="3" sl="57" sc="1" el="57" ec="2" bec="0" bev="0" fileid="6" />
                <SequencePoint vc="2" uspid="58" ordinal="4" sl="58" sc="1" el="58" ec="2" bec="0" bev="0" fileid="6" />
                <SequencePoint vc="2" uspid="59" ordinal="5" sl="59" sc="1" el="59" ec="2" bec="0" bev="0" fileid="6" />
                <SequencePoint vc="2" uspid="60" ordinal="6" sl="60" sc="1" el="60" ec="2" bec="0" bev="0" fileid="6" />
                <SequencePoint vc="2" uspid="61" ordinal="7" sl="61" sc="1" el="61" ec="2" bec="0" bev="0" fileid="6" />
                <SequencePoint vc="2" uspid="62" ordinal="8" sl="62" sc="1" el="62" ec="2" bec="0" bev="0" fileid="6" />
                <SequencePoint vc="2" uspid="64" ordinal="9" sl="64" sc="1" el="64" ec="2" bec="0" bev="0" fileid="6" />
                <SequencePoint vc="2" uspid="65" ordinal="10" sl="65" sc="1" el="65" ec="2" bec="0" bev="0" fileid="6" />
                <SequencePoint vc="2" uspid="66" ordinal="11" sl="66" sc="1" el="66" ec="2" bec="0" bev="0" fileid="6" />
              </SequencePoints>
              <BranchPoints />
              <MethodPoint vc="12" uspid="0" p8:type="SequencePoint" ordinal="1" offset="1" sc="0" sl="54" ec="1" el="66" bec="0" bev="0" fileid="6" xmlns:p8="xsi" />
            </Method>
            <Method cyclomaticComplexity="1" nPathComplexity="1" sequenceCoverage="100" branchCoverage="100" isConstructor="False" isGetter="False" isSetter="False" isStatic="True">
              <Summary numSequencePoints="23" visitedSequencePoints="23" numBranchPoints="0" visitedBranchPoints="0" sequenceCoverage="100" branchCoverage="100" maxCyclomaticComplexity="1" minCyclomaticComplexity="1" visitedClasses="0" numClasses="0" visitedMethods="1" numMethods="1" />
              <MetadataToken />
              <Name>Microsoft.AspNetCore.Mvc.IActionResult TaskManagementAPI.Controllers.TaskController::GetAllTasks()</Name>
              <FileRef uid="6" />
              <SequencePoints>
                <SequencePoint vc="2" uspid="73" ordinal="0" sl="73" sc="1" el="73" ec="2" bec="0" bev="0" fileid="6" />
                <SequencePoint vc="2" uspid="74" ordinal="1" sl="74" sc="1" el="74" ec="2" bec="0" bev="0" fileid="6" />
                <SequencePoint vc="2" uspid="75" ordinal="2" sl="75" sc="1" el="75" ec="2" bec="0" bev="0" fileid="6" />
                <SequencePoint vc="2" uspid="76" ordinal="3" sl="76" sc="1" el="76" ec="2" bec="0" bev="0" fileid="6" />
                <SequencePoint vc="2" uspid="77" ordinal="4" sl="77" sc="1" el="77" ec="2" bec="0" bev="0" fileid="6" />
                <SequencePoint vc="2" uspid="78" ordinal="5" sl="78" sc="1" el="78" ec="2" bec="0" bev="0" fileid="6" />
                <SequencePoint vc="2" uspid="79" ordinal="6" sl="79" sc="1" el="79" ec="2" bec="0" bev="0" fileid="6" />
                <SequencePoint vc="2" uspid="80" ordinal="7" sl="80" sc="1" el="80" ec="2" bec="0" bev="0" fileid="6" />
                <SequencePoint vc="2" uspid="81" ordinal="8" sl="81" sc="1" el="81" ec="2" bec="0" bev="0" fileid="6" />
                <SequencePoint vc="2" uspid="82" ordinal="9" sl="82" sc="1" el="82" ec="2" bec="0" bev="0" fileid="6" />
                <SequencePoint vc="2" uspid="83" ordinal="10" sl="83" sc="1" el="83" ec="2" bec="0" bev="0" fileid="6" />
                <SequencePoint vc="2" uspid="84" ordinal="11" sl="84" sc="1" el="84" ec="2" bec="0" bev="0" fileid="6" />
                <SequencePoint vc="2" uspid="85" ordinal="12" sl="85" sc="1" el="85" ec="2" bec="0" bev="0" fileid="6" />
                <SequencePoint vc="2" uspid="86" ordinal="13" sl="86" sc="1" el="86" ec="2" bec="0" bev="0" fileid="6" />
                <SequencePoint vc="2" uspid="87" ordinal="14" sl="87" sc="1" el="87" ec="2" bec="0" bev="0" fileid="6" />
                <SequencePoint vc="2" uspid="88" ordinal="15" sl="88" sc="1" el="88" ec="2" bec="0" bev="0" fileid="6" />
                <SequencePoint vc="2" uspid="89" ordinal="16" sl="89" sc="1" el="89" ec="2" bec="0" bev="0" fileid="6" />
                <SequencePoint vc="2" uspid="90" ordinal="17" sl="90" sc="1" el="90" ec="2" bec="0" bev="0" fileid="6" />
                <SequencePoint vc="2" uspid="91" ordinal="18" sl="91" sc="1" el="91" ec="2" bec="0" bev="0" fileid="6" />
                <SequencePoint vc="2" uspid="92" ordinal="19" sl="92" sc="1" el="92" ec="2" bec="0" bev="0" fileid="6" />
                <SequencePoint vc="2" uspid="94" ordinal="20" sl="94" sc="1" el="94" ec="2" bec="0" bev="0" fileid="6" />
                <SequencePoint vc="2" uspid="95" ordinal="21" sl="95" sc="1" el="95" ec="2" bec="0" bev="0" fileid="6" />
                <SequencePoint vc="2" uspid="96" ordinal="22" sl="96" sc="1" el="96" ec="2" bec="0" bev="0" fileid="6" />
              </SequencePoints>
              <BranchPoints />
              <MethodPoint vc="23" uspid="0" p8:type="SequencePoint" ordinal="2" offset="2" sc="0" sl="73" ec="1" el="96" bec="0" bev="0" fileid="6" xmlns:p8="xsi" />
            </Method>
            <Method cyclomaticComplexity="8" nPathComplexity="8" sequenceCoverage="94.73" branchCoverage="62.5" isConstructor="False" isGetter="False" isSetter="False" isStatic="True">
              <Summary numSequencePoints="19" visitedSequencePoints="18" numBranchPoints="8" visitedBranchPoints="5" sequenceCoverage="94.73" branchCoverage="62.5" maxCyclomaticComplexity="8" minCyclomaticComplexity="8" visitedClasses="0" numClasses="0" visitedMethods="1" numMethods="1" />
              <MetadataToken />
              <Name>Microsoft.AspNetCore.Mvc.IActionResult TaskManagementAPI.Controllers.TaskController::DashboardStats()</Name>
              <FileRef uid="6" />
              <SequencePoints>
                <SequencePoint vc="2" uspid="105" ordinal="0" sl="105" sc="1" el="105" ec="2" bec="0" bev="0" fileid="6" />
                <SequencePoint vc="4" uspid="106" ordinal="1" sl="106" sc="1" el="106" ec="2" bec="2" bev="1" fileid="6" />
                <SequencePoint vc="6" uspid="107" ordinal="2" sl="107" sc="1" el="107" ec="2" bec="2" bev="1" fileid="6" />
                <SequencePoint vc="2" uspid="109" ordinal="3" sl="109" sc="1" el="109" ec="2" bec="0" bev="0" fileid="6" />
                <SequencePoint vc="2" uspid="111" ordinal="4" sl="111" sc="1" el="111" ec="2" bec="2" bev="2" fileid="6" />
                <SequencePoint vc="1" uspid="112" ordinal="5" sl="112" sc="1" el="112" ec="2" bec="0" bev="0" fileid="6" />
                <SequencePoint vc="1" uspid="113" ordinal="6" sl="113" sc="1" el="113" ec="2" bec="0" bev="0" fileid="6" />
                <SequencePoint vc="1" uspid="114" ordinal="7" sl="114" sc="1" el="114" ec="2" bec="0" bev="0" fileid="6" />
                <SequencePoint vc="1" uspid="115" ordinal="8" sl="115" sc="1" el="115" ec="2" bec="0" bev="0" fileid="6" />
                <SequencePoint vc="2" uspid="116" ordinal="9" sl="116" sc="1" el="116" ec="2" bec="0" bev="0" fileid="6" />
                <SequencePoint vc="2" uspid="117" ordinal="10" sl="117" sc="1" el="117" ec="2" bec="0" bev="0" fileid="6" />
                <SequencePoint vc="2" uspid="118" ordinal="11" sl="118" sc="1" el="118" ec="2" bec="0" bev="0" fileid="6" />
                <SequencePoint vc="2" uspid="119" ordinal="12" sl="119" sc="1" el="119" ec="2" bec="0" bev="0" fileid="6" />
                <SequencePoint vc="2" uspid="120" ordinal="13" sl="120" sc="1" el="120" ec="2" bec="0" bev="0" fileid="6" />
                <SequencePoint vc="2" uspid="121" ordinal="14" sl="121" sc="1" el="121" ec="2" bec="0" bev="0" fileid="6" />
                <SequencePoint vc="2" uspid="123" ordinal="15" sl="123" sc="1" el="123" ec="2" bec="2" bev="1" fileid="6" />
                <SequencePoint vc="0" uspid="124" ordinal="16" sl="124" sc="1" el="124" ec="2" bec="0" bev="0" fileid="6" />
                <SequencePoint vc="2" uspid="125" ordinal="17" sl="125" sc="1" el="125" ec="2" bec="0" bev="0" fileid="6" />
                <SequencePoint vc="2" uspid="126" ordinal="18" sl="126" sc="1" el="126" ec="2" bec="0" bev="0" fileid="6" />
              </SequencePoints>
              <BranchPoints>
                <BranchPoint vc="0" uspid="106" ordinal="0" path="0" offset="49" offsetend="51" sl="106" fileid="6" />
                <BranchPoint vc="2" uspid="106" ordinal="1" path="1" offset="49" offsetend="55" sl="106" fileid="6" />
                <BranchPoint vc="0" uspid="107" ordinal="2" path="0" offset="109" offsetend="111" sl="107" fileid="6" />
                <BranchPoint vc="2" uspid="107" ordinal="3" path="1" offset="109" offsetend="115" sl="107" fileid="6" />
                <BranchPoint vc="1" uspid="111" ordinal="4" path="0" offset="153" offsetend="155" sl="111" fileid="6" />
                <BranchPoint vc="2" uspid="111" ordinal="5" path="1" offset="153" offsetend="281" sl="111" fileid="6" />
                <BranchPoint vc="0" uspid="123" ordinal="6" path="0" offset="735" offsetend="737" sl="123" fileid="6" />
                <BranchPoint vc="2" uspid="123" ordinal="7" path="1" offset="735" offsetend="768" sl="123" fileid="6" />
              </BranchPoints>
              <MethodPoint vc="18" uspid="0" p8:type="SequencePoint" ordinal="3" offset="3" sc="0" sl="105" ec="1" el="126" bec="0" bev="0" fileid="6" xmlns:p8="xsi" />
            </Method>
            <Method cyclomaticComplexity="8" nPathComplexity="8" sequenceCoverage="92.85" branchCoverage="62.5" isConstructor="False" isGetter="False" isSetter="False" isStatic="True">
              <Summary numSequencePoints="14" visitedSequencePoints="13" numBranchPoints="8" visitedBranchPoints="5" sequenceCoverage="92.85" branchCoverage="62.5" maxCyclomaticComplexity="8" minCyclomaticComplexity="8" visitedClasses="0" numClasses="0" visitedMethods="1" numMethods="1" />
              <MetadataToken />
              <Name>Microsoft.AspNetCore.Mvc.IActionResult TaskManagementAPI.Controllers.TaskController::MyTask()</Name>
              <FileRef uid="6" />
              <SequencePoints>
                <SequencePoint vc="2" uspid="133" ordinal="0" sl="133" sc="1" el="133" ec="2" bec="0" bev="0" fileid="6" />
                <SequencePoint vc="4" uspid="134" ordinal="1" sl="134" sc="1" el="134" ec="2" bec="2" bev="1" fileid="6" />
                <SequencePoint vc="6" uspid="136" ordinal="2" sl="136" sc="1" el="136" ec="2" bec="2" bev="1" fileid="6" />
                <SequencePoint vc="2" uspid="138" ordinal="3" sl="138" sc="1" el="138" ec="2" bec="0" bev="0" fileid="6" />
                <SequencePoint vc="2" uspid="139" ordinal="4" sl="139" sc="1" el="139" ec="2" bec="2" bev="2" fileid="6" />
                <SequencePoint vc="1" uspid="140" ordinal="5" sl="140" sc="1" el="140" ec="2" bec="0" bev="0" fileid="6" />
                <SequencePoint vc="1" uspid="141" ordinal="6" sl="141" sc="1" el="141" ec="2" bec="0" bev="0" fileid="6" />
                <SequencePoint vc="1" uspid="142" ordinal="7" sl="142" sc="1" el="142" ec="2" bec="0" bev="0" fileid="6" />
                <SequencePoint vc="1" uspid="143" ordinal="8" sl="143" sc="1" el="143" ec="2" bec="0" bev="0" fileid="6" />
                <SequencePoint vc="2" uspid="144" ordinal="9" sl="144" sc="1" el="144" ec="2" bec="0" bev="0" fileid="6" />
                <SequencePoint vc="2" uspid="145" ordinal="10" sl="145" sc="1" el="145" ec="2" bec="2" bev="1" fileid="6" />
                <SequencePoint vc="0" uspid="146" ordinal="11" sl="146" sc="1" el="146" ec="2" bec="0" bev="0" fileid="6" />
                <SequencePoint vc="2" uspid="148" ordinal="12" sl="148" sc="1" el="148" ec="2" bec="0" bev="0" fileid="6" />
                <SequencePoint vc="2" uspid="149" ordinal="13" sl="149" sc="1" el="149" ec="2" bec="0" bev="0" fileid="6" />
              </SequencePoints>
              <BranchPoints>
                <BranchPoint vc="0" uspid="134" ordinal="0" path="0" offset="49" offsetend="51" sl="134" fileid="6" />
                <BranchPoint vc="2" uspid="134" ordinal="1" path="1" offset="49" offsetend="55" sl="134" fileid="6" />
                <BranchPoint vc="0" uspid="136" ordinal="2" path="0" offset="109" offsetend="111" sl="136" fileid="6" />
                <BranchPoint vc="2" uspid="136" ordinal="3" path="1" offset="109" offsetend="115" sl="136" fileid="6" />
                <BranchPoint vc="1" uspid="139" ordinal="4" path="0" offset="153" offsetend="155" sl="139" fileid="6" />
                <BranchPoint vc="2" uspid="139" ordinal="5" path="1" offset="153" offsetend="281" sl="139" fileid="6" />
                <BranchPoint vc="0" uspid="145" ordinal="6" path="0" offset="395" offsetend="397" sl="145" fileid="6" />
                <BranchPoint vc="2" uspid="145" ordinal="7" path="1" offset="395" offsetend="428" sl="145" fileid="6" />
              </BranchPoints>
              <MethodPoint vc="13" uspid="0" p8:type="SequencePoint" ordinal="4" offset="4" sc="0" sl="133" ec="1" el="149" bec="0" bev="0" fileid="6" xmlns:p8="xsi" />
            </Method>
            <Method cyclomaticComplexity="4" nPathComplexity="4" sequenceCoverage="91.66" branchCoverage="75" isConstructor="False" isGetter="False" isSetter="False" isStatic="True">
              <Summary numSequencePoints="12" visitedSequencePoints="11" numBranchPoints="4" visitedBranchPoints="3" sequenceCoverage="91.66" branchCoverage="75" maxCyclomaticComplexity="4" minCyclomaticComplexity="4" visitedClasses="0" numClasses="0" visitedMethods="1" numMethods="1" />
              <MetadataToken />
              <Name>Microsoft.AspNetCore.Mvc.IActionResult TaskManagementAPI.Controllers.TaskController::GetTasksByUserId(System.Int32)</Name>
              <FileRef uid="6" />
              <SequencePoints>
                <SequencePoint vc="3" uspid="154" ordinal="0" sl="154" sc="1" el="154" ec="2" bec="0" bev="0" fileid="6" />
                <SequencePoint vc="3" uspid="155" ordinal="1" sl="155" sc="1" el="155" ec="2" bec="0" bev="0" fileid="6" />
                <SequencePoint vc="3" uspid="156" ordinal="2" sl="156" sc="1" el="156" ec="2" bec="2" bev="2" fileid="6" />
                <SequencePoint vc="2" uspid="157" ordinal="3" sl="157" sc="1" el="157" ec="2" bec="0" bev="0" fileid="6" />
                <SequencePoint vc="2" uspid="158" ordinal="4" sl="158" sc="1" el="158" ec="2" bec="0" bev="0" fileid="6" />
                <SequencePoint vc="1" uspid="161" ordinal="5" sl="161" sc="1" el="161" ec="2" bec="0" bev="0" fileid="6" />
                <SequencePoint vc="1" uspid="162" ordinal="6" sl="162" sc="1" el="162" ec="2" bec="0" bev="0" fileid="6" />
                <SequencePoint vc="1" uspid="163" ordinal="7" sl="163" sc="1" el="163" ec="2" bec="0" bev="0" fileid="6" />
                <SequencePoint vc="1" uspid="164" ordinal="8" sl="164" sc="1" el="164" ec="2" bec="2" bev="1" fileid="6" />
                <SequencePoint vc="0" uspid="165" ordinal="9" sl="165" sc="1" el="165" ec="2" bec="0" bev="0" fileid="6" />
                <SequencePoint vc="1" uspid="167" ordinal="10" sl="167" sc="1" el="167" ec="2" bec="0" bev="0" fileid="6" />
                <SequencePoint vc="3" uspid="168" ordinal="11" sl="168" sc="1" el="168" ec="2" bec="0" bev="0" fileid="6" />
              </SequencePoints>
              <BranchPoints>
                <BranchPoint vc="2" uspid="156" ordinal="0" path="0" offset="184" offsetend="186" sl="156" fileid="6" />
                <BranchPoint vc="1" uspid="156" ordinal="1" path="1" offset="184" offsetend="205" sl="156" fileid="6" />
                <BranchPoint vc="0" uspid="164" ordinal="2" path="0" offset="388" offsetend="390" sl="164" fileid="6" />
                <BranchPoint vc="1" uspid="164" ordinal="3" path="1" offset="388" offsetend="427" sl="164" fileid="6" />
              </BranchPoints>
              <MethodPoint vc="11" uspid="0" p8:type="SequencePoint" ordinal="5" offset="5" sc="0" sl="154" ec="1" el="168" bec="0" bev="0" fileid="6" xmlns:p8="xsi" />
            </Method>
            <Method cyclomaticComplexity="8" nPathComplexity="8" sequenceCoverage="95.23" branchCoverage="50" isConstructor="False" isGetter="False" isSetter="False" isStatic="True">
              <Summary numSequencePoints="21" visitedSequencePoints="20" numBranchPoints="8" visitedBranchPoints="4" sequenceCoverage="95.23" branchCoverage="50" maxCyclomaticComplexity="8" minCyclomaticComplexity="8" visitedClasses="0" numClasses="0" visitedMethods="1" numMethods="1" />
              <MetadataToken />
              <Name>Microsoft.AspNetCore.Mvc.IActionResult TaskManagementAPI.Controllers.TaskController::CreateTask(TaskManagementAPI.Models.DTOS.CreateTaskDto)</Name>
              <FileRef uid="6" />
              <SequencePoints>
                <SequencePoint vc="2" uspid="174" ordinal="0" sl="174" sc="1" el="174" ec="2" bec="0" bev="0" fileid="6" />
                <SequencePoint vc="4" uspid="175" ordinal="1" sl="175" sc="1" el="175" ec="2" bec="2" bev="1" fileid="6" />
                <SequencePoint vc="2" uspid="176" ordinal="2" sl="176" sc="1" el="176" ec="2" bec="0" bev="0" fileid="6" />
                <SequencePoint vc="2" uspid="178" ordinal="3" sl="178" sc="1" el="178" ec="2" bec="2" bev="1" fileid="6" />
                <SequencePoint vc="2" uspid="180" ordinal="4" sl="180" sc="1" el="180" ec="2" bec="2" bev="1" fileid="6" />
                <SequencePoint vc="2" uspid="181" ordinal="5" sl="181" sc="1" el="181" ec="2" bec="0" bev="0" fileid="6" />
                <SequencePoint vc="2" uspid="182" ordinal="6" sl="182" sc="1" el="182" ec="2" bec="0" bev="0" fileid="6" />
                <SequencePoint vc="2" uspid="183" ordinal="7" sl="183" sc="1" el="183" ec="2" bec="0" bev="0" fileid="6" />
                <SequencePoint vc="2" uspid="184" ordinal="8" sl="184" sc="1" el="184" ec="2" bec="0" bev="0" fileid="6" />
                <SequencePoint vc="2" uspid="185" ordinal="9" sl="185" sc="1" el="185" ec="2" bec="0" bev="0" fileid="6" />
                <SequencePoint vc="2" uspid="186" ordinal="10" sl="186" sc="1" el="186" ec="2" bec="0" bev="0" fileid="6" />
                <SequencePoint vc="2" uspid="187" ordinal="11" sl="187" sc="1" el="187" ec="2" bec="0" bev="0" fileid="6" />
                <SequencePoint vc="2" uspid="188" ordinal="12" sl="188" sc="1" el="188" ec="2" bec="0" bev="0" fileid="6" />
                <SequencePoint vc="2" uspid="189" ordinal="13" sl="189" sc="1" el="189" ec="2" bec="0" bev="0" fileid="6" />
                <SequencePoint vc="2" uspid="190" ordinal="14" sl="190" sc="1" el="190" ec="2" bec="0" bev="0" fileid="6" />
                <SequencePoint vc="2" uspid="192" ordinal="15" sl="192" sc="1" el="192" ec="2" bec="0" bev="0" fileid="6" />
                <SequencePoint vc="2" uspid="193" ordinal="16" sl="193" sc="1" el="193" ec="2" bec="0" bev="0" fileid="6" />
                <SequencePoint vc="2" uspid="194" ordinal="17" sl="194" sc="1" el="194" ec="2" bec="2" bev="1" fileid="6" />
                <SequencePoint vc="0" uspid="195" ordinal="18" sl="195" sc="1" el="195" ec="2" bec="0" bev="0" fileid="6" />
                <SequencePoint vc="2" uspid="197" ordinal="19" sl="197" sc="1" el="197" ec="2" bec="0" bev="0" fileid="6" />
                <SequencePoint vc="2" uspid="198" ordinal="20" sl="198" sc="1" el="198" ec="2" bec="0" bev="0" fileid="6" />
              </SequencePoints>
              <BranchPoints>
                <BranchPoint vc="0" uspid="175" ordinal="0" path="0" offset="49" offsetend="51" sl="175" fileid="6" />
                <BranchPoint vc="2" uspid="175" ordinal="1" path="1" offset="49" offsetend="55" sl="175" fileid="6" />
                <BranchPoint vc="0" uspid="178" ordinal="2" path="0" offset="75" offsetend="77" sl="178" fileid="6" />
                <BranchPoint vc="2" uspid="178" ordinal="3" path="1" offset="75" offsetend="80" sl="178" fileid="6" />
                <BranchPoint vc="0" uspid="180" ordinal="4" path="0" offset="184" offsetend="186" sl="180" fileid="6" />
                <BranchPoint vc="2" uspid="180" ordinal="5" path="1" offset="184" offsetend="192" sl="180" fileid="6" />
                <BranchPoint vc="0" uspid="194" ordinal="6" path="0" offset="245" offsetend="247" sl="194" fileid="6" />
                <BranchPoint vc="2" uspid="194" ordinal="7" path="1" offset="245" offsetend="288" sl="194" fileid="6" />
              </BranchPoints>
              <MethodPoint vc="20" uspid="0" p8:type="SequencePoint" ordinal="6" offset="6" sc="0" sl="174" ec="1" el="198" bec="0" bev="0" fileid="6" xmlns:p8="xsi" />
            </Method>
            <Method cyclomaticComplexity="12" nPathComplexity="12" sequenceCoverage="82.35" branchCoverage="66.66" isConstructor="False" isGetter="False" isSetter="False" isStatic="True">
              <Summary numSequencePoints="17" visitedSequencePoints="14" numBranchPoints="12" visitedBranchPoints="8" sequenceCoverage="82.35" branchCoverage="66.66" maxCyclomaticComplexity="12" minCyclomaticComplexity="12" visitedClasses="0" numClasses="0" visitedMethods="1" numMethods="1" />
              <MetadataToken />
              <Name>Microsoft.AspNetCore.Mvc.IActionResult TaskManagementAPI.Controllers.TaskController::DeleteTask(System.Int32)</Name>
              <FileRef uid="6" />
              <SequencePoints>
                <SequencePoint vc="3" uspid="203" ordinal="0" sl="203" sc="1" el="203" ec="2" bec="0" bev="0" fileid="6" />
                <SequencePoint vc="6" uspid="204" ordinal="1" sl="204" sc="1" el="204" ec="2" bec="2" bev="1" fileid="6" />
                <SequencePoint vc="9" uspid="206" ordinal="2" sl="206" sc="1" el="206" ec="2" bec="2" bev="1" fileid="6" />
                <SequencePoint vc="3" uspid="208" ordinal="3" sl="208" sc="1" el="208" ec="2" bec="0" bev="0" fileid="6" />
                <SequencePoint vc="3" uspid="209" ordinal="4" sl="209" sc="1" el="209" ec="2" bec="2" bev="2" fileid="6" />
                <SequencePoint vc="1" uspid="210" ordinal="5" sl="210" sc="1" el="210" ec="2" bec="0" bev="0" fileid="6" />
                <SequencePoint vc="1" uspid="211" ordinal="6" sl="211" sc="1" el="211" ec="2" bec="0" bev="0" fileid="6" />
                <SequencePoint vc="2" uspid="213" ordinal="7" sl="213" sc="1" el="213" ec="2" bec="4" bev="3" fileid="6" />
                <SequencePoint vc="0" uspid="214" ordinal="8" sl="214" sc="1" el="214" ec="2" bec="0" bev="0" fileid="6" />
                <SequencePoint vc="0" uspid="215" ordinal="9" sl="215" sc="1" el="215" ec="2" bec="0" bev="0" fileid="6" />
                <SequencePoint vc="2" uspid="218" ordinal="10" sl="218" sc="1" el="218" ec="2" bec="0" bev="0" fileid="6" />
                <SequencePoint vc="2" uspid="220" ordinal="11" sl="220" sc="1" el="220" ec="2" bec="0" bev="0" fileid="6" />
                <SequencePoint vc="2" uspid="221" ordinal="12" sl="221" sc="1" el="221" ec="2" bec="0" bev="0" fileid="6" />
                <SequencePoint vc="2" uspid="223" ordinal="13" sl="223" sc="1" el="223" ec="2" bec="2" bev="1" fileid="6" />
                <SequencePoint vc="0" uspid="224" ordinal="14" sl="224" sc="1" el="224" ec="2" bec="0" bev="0" fileid="6" />
                <SequencePoint vc="2" uspid="225" ordinal="15" sl="225" sc="1" el="225" ec="2" bec="0" bev="0" fileid="6" />
                <SequencePoint vc="3" uspid="226" ordinal="16" sl="226" sc="1" el="226" ec="2" bec="0" bev="0" fileid="6" />
              </SequencePoints>
              <BranchPoints>
                <BranchPoint vc="0" uspid="204" ordinal="0" path="0" offset="49" offsetend="51" sl="204" fileid="6" />
                <BranchPoint vc="3" uspid="204" ordinal="1" path="1" offset="49" offsetend="55" sl="204" fileid="6" />
                <BranchPoint vc="0" uspid="206" ordinal="2" path="0" offset="109" offsetend="111" sl="206" fileid="6" />
                <BranchPoint vc="3" uspid="206" ordinal="3" path="1" offset="109" offsetend="115" sl="206" fileid="6" />
                <BranchPoint vc="1" uspid="209" ordinal="4" path="0" offset="159" offsetend="161" sl="209" fileid="6" />
                <BranchPoint vc="2" uspid="209" ordinal="5" path="1" offset="159" offsetend="180" sl="209" fileid="6" />
                <BranchPoint vc="1" uspid="213" ordinal="6" path="0" offset="191" offsetend="193" sl="213" fileid="6" />
                <BranchPoint vc="1" uspid="213" ordinal="7" path="1" offset="191" offsetend="233" sl="213" fileid="6" />
                <BranchPoint vc="0" uspid="213" ordinal="8" path="0" offset="238" offsetend="240" sl="213" fileid="6" />
                <BranchPoint vc="2" uspid="213" ordinal="9" path="1" offset="238" offsetend="265" sl="213" fileid="6" />
                <BranchPoint vc="0" uspid="223" ordinal="10" path="0" offset="319" offsetend="321" sl="223" fileid="6" />
                <BranchPoint vc="2" uspid="223" ordinal="11" path="1" offset="319" offsetend="361" sl="223" fileid="6" />
              </BranchPoints>
              <MethodPoint vc="14" uspid="0" p8:type="SequencePoint" ordinal="7" offset="7" sc="0" sl="203" ec="1" el="226" bec="0" bev="0" fileid="6" xmlns:p8="xsi" />
            </Method>
            <Method cyclomaticComplexity="12" nPathComplexity="12" sequenceCoverage="100" branchCoverage="83.33" isConstructor="False" isGetter="False" isSetter="False" isStatic="True">
              <Summary numSequencePoints="24" visitedSequencePoints="24" numBranchPoints="12" visitedBranchPoints="10" sequenceCoverage="100" branchCoverage="83.33" maxCyclomaticComplexity="12" minCyclomaticComplexity="12" visitedClasses="0" numClasses="0" visitedMethods="1" numMethods="1" />
              <MetadataToken />
              <Name>Microsoft.AspNetCore.Mvc.IActionResult TaskManagementAPI.Controllers.TaskController::GetTaskById(System.Int32)</Name>
              <FileRef uid="6" />
              <SequencePoints>
                <SequencePoint vc="4" uspid="231" ordinal="0" sl="231" sc="1" el="231" ec="2" bec="0" bev="0" fileid="6" />
                <SequencePoint vc="8" uspid="232" ordinal="1" sl="232" sc="1" el="232" ec="2" bec="2" bev="1" fileid="6" />
                <SequencePoint vc="12" uspid="233" ordinal="2" sl="233" sc="1" el="233" ec="2" bec="2" bev="1" fileid="6" />
                <SequencePoint vc="4" uspid="234" ordinal="3" sl="234" sc="1" el="234" ec="2" bec="0" bev="0" fileid="6" />
                <SequencePoint vc="4" uspid="236" ordinal="4" sl="236" sc="1" el="236" ec="2" bec="0" bev="0" fileid="6" />
                <SequencePoint vc="4" uspid="237" ordinal="5" sl="237" sc="1" el="237" ec="2" bec="0" bev="0" fileid="6" />
                <SequencePoint vc="4" uspid="238" ordinal="6" sl="238" sc="1" el="238" ec="2" bec="0" bev="0" fileid="6" />
                <SequencePoint vc="4" uspid="239" ordinal="7" sl="239" sc="1" el="239" ec="2" bec="0" bev="0" fileid="6" />
                <SequencePoint vc="4" uspid="240" ordinal="8" sl="240" sc="1" el="240" ec="2" bec="0" bev="0" fileid="6" />
                <SequencePoint vc="4" uspid="241" ordinal="9" sl="241" sc="1" el="241" ec="2" bec="0" bev="0" fileid="6" />
                <SequencePoint vc="4" uspid="242" ordinal="10" sl="242" sc="1" el="242" ec="2" bec="0" bev="0" fileid="6" />
                <SequencePoint vc="4" uspid="243" ordinal="11" sl="243" sc="1" el="243" ec="2" bec="0" bev="0" fileid="6" />
                <SequencePoint vc="4" uspid="244" ordinal="12" sl="244" sc="1" el="244" ec="2" bec="0" bev="0" fileid="6" />
                <SequencePoint vc="4" uspid="245" ordinal="13" sl="245" sc="1" el="245" ec="2" bec="0" bev="0" fileid="6" />
                <SequencePoint vc="4" uspid="246" ordinal="14" sl="246" sc="1" el="246" ec="2" bec="0" bev="0" fileid="6" />
                <SequencePoint vc="4" uspid="247" ordinal="15" sl="247" sc="1" el="247" ec="2" bec="0" bev="0" fileid="6" />
                <SequencePoint vc="4" uspid="248" ordinal="16" sl="248" sc="1" el="248" ec="2" bec="0" bev="0" fileid="6" />
                <SequencePoint vc="4" uspid="249" ordinal="17" sl="249" sc="1" el="249" ec="2" bec="0" bev="0" fileid="6" />
                <SequencePoint vc="5" uspid="251" ordinal="18" sl="251" sc="1" el="251" ec="2" bec="2" bev="2" fileid="6" />
                <SequencePoint vc="3" uspid="253" ordinal="19" sl="253" sc="1" el="253" ec="2" bec="6" bev="6" fileid="6" />
                <SequencePoint vc="1" uspid="254" ordinal="20" sl="254" sc="1" el="254" ec="2" bec="0" bev="0" fileid="6" />
                <SequencePoint vc="1" uspid="255" ordinal="21" sl="255" sc="1" el="255" ec="2" bec="0" bev="0" fileid="6" />
                <SequencePoint vc="2" uspid="258" ordinal="22" sl="258" sc="1" el="258" ec="2" bec="0" bev="0" fileid="6" />
                <SequencePoint vc="4" uspid="259" ordinal="23" sl="259" sc="1" el="259" ec="2" bec="0" bev="0" fileid="6" />
              </SequencePoints>
              <BranchPoints>
                <BranchPoint vc="0" uspid="232" ordinal="0" path="0" offset="62" offsetend="64" sl="232" fileid="6" />
                <BranchPoint vc="4" uspid="232" ordinal="1" path="1" offset="62" offsetend="68" sl="232" fileid="6" />
                <BranchPoint vc="0" uspid="233" ordinal="2" path="0" offset="122" offsetend="124" sl="233" fileid="6" />
                <BranchPoint vc="4" uspid="233" ordinal="3" path="1" offset="122" offsetend="128" sl="233" fileid="6" />
                <BranchPoint vc="1" uspid="251" ordinal="4" path="0" offset="733" offsetend="735" sl="251" fileid="6" />
                <BranchPoint vc="3" uspid="251" ordinal="5" path="1" offset="733" offsetend="750" sl="251" fileid="6" />
                <BranchPoint vc="2" uspid="253" ordinal="6" path="0" offset="761" offsetend="763" sl="253" fileid="6" />
                <BranchPoint vc="1" uspid="253" ordinal="8" path="0" offset="794" offsetend="796" sl="253" fileid="6" />
                <BranchPoint vc="2" uspid="253" ordinal="7" path="1" offset="761" offsetend="811" sl="253" fileid="6" />
                <BranchPoint vc="2" uspid="253" ordinal="9" path="1" offset="794" offsetend="811" sl="253" fileid="6" />
                <BranchPoint vc="1" uspid="253" ordinal="10" path="0" offset="816" offsetend="818" sl="253" fileid="6" />
                <BranchPoint vc="2" uspid="253" ordinal="11" path="1" offset="816" offsetend="829" sl="253" fileid="6" />
              </BranchPoints>
              <MethodPoint vc="24" uspid="0" p8:type="SequencePoint" ordinal="8" offset="8" sc="0" sl="231" ec="1" el="259" bec="0" bev="0" fileid="6" xmlns:p8="xsi" />
            </Method>
            <Method cyclomaticComplexity="14" nPathComplexity="14" sequenceCoverage="95.65" branchCoverage="78.57" isConstructor="False" isGetter="False" isSetter="False" isStatic="True">
              <Summary numSequencePoints="23" visitedSequencePoints="22" numBranchPoints="14" visitedBranchPoints="11" sequenceCoverage="95.65" branchCoverage="78.57" maxCyclomaticComplexity="14" minCyclomaticComplexity="14" visitedClasses="0" numClasses="0" visitedMethods="1" numMethods="1" />
              <MetadataToken />
              <Name>Microsoft.AspNetCore.Mvc.IActionResult TaskManagementAPI.Controllers.TaskController::UpdateTask(System.Int32,TaskManagementAPI.Models.DTOS.UpdateTaskDto)</Name>
              <FileRef uid="6" />
              <SequencePoints>
                <SequencePoint vc="4" uspid="264" ordinal="0" sl="264" sc="1" el="264" ec="2" bec="0" bev="0" fileid="6" />
                <SequencePoint vc="8" uspid="265" ordinal="1" sl="265" sc="1" el="265" ec="2" bec="2" bev="1" fileid="6" />
                <SequencePoint vc="12" uspid="266" ordinal="2" sl="266" sc="1" el="266" ec="2" bec="2" bev="1" fileid="6" />
                <SequencePoint vc="4" uspid="267" ordinal="3" sl="267" sc="1" el="267" ec="2" bec="0" bev="0" fileid="6" />
                <SequencePoint vc="4" uspid="269" ordinal="4" sl="269" sc="1" el="269" ec="2" bec="0" bev="0" fileid="6" />
                <SequencePoint vc="4" uspid="271" ordinal="5" sl="271" sc="1" el="271" ec="2" bec="2" bev="2" fileid="6" />
                <SequencePoint vc="1" uspid="272" ordinal="6" sl="272" sc="1" el="272" ec="2" bec="0" bev="0" fileid="6" />
                <SequencePoint vc="1" uspid="273" ordinal="7" sl="273" sc="1" el="273" ec="2" bec="0" bev="0" fileid="6" />
                <SequencePoint vc="3" uspid="275" ordinal="8" sl="275" sc="1" el="275" ec="2" bec="6" bev="6" fileid="6" />
                <SequencePoint vc="1" uspid="276" ordinal="9" sl="276" sc="1" el="276" ec="2" bec="0" bev="0" fileid="6" />
                <SequencePoint vc="1" uspid="277" ordinal="10" sl="277" sc="1" el="277" ec="2" bec="0" bev="0" fileid="6" />
                <SequencePoint vc="2" uspid="280" ordinal="11" sl="280" sc="1" el="280" ec="2" bec="0" bev="0" fileid="6" />
                <SequencePoint vc="2" uspid="281" ordinal="12" sl="281" sc="1" el="281" ec="2" bec="0" bev="0" fileid="6" />
                <SequencePoint vc="2" uspid="282" ordinal="13" sl="282" sc="1" el="282" ec="2" bec="0" bev="0" fileid="6" />
                <SequencePoint vc="2" uspid="283" ordinal="14" sl="283" sc="1" el="283" ec="2" bec="0" bev="0" fileid="6" />
                <SequencePoint vc="2" uspid="284" ordinal="15" sl="284" sc="1" el="284" ec="2" bec="0" bev="0" fileid="6" />
                <SequencePoint vc="2" uspid="285" ordinal="16" sl="285" sc="1" el="285" ec="2" bec="0" bev="0" fileid="6" />
                <SequencePoint vc="2" uspid="286" ordinal="17" sl="286" sc="1" el="286" ec="2" bec="0" bev="0" fileid="6" />
                <SequencePoint vc="2" uspid="289" ordinal="18" sl="289" sc="1" el="289" ec="2" bec="0" bev="0" fileid="6" />
                <SequencePoint vc="2" uspid="290" ordinal="19" sl="290" sc="1" el="290" ec="2" bec="2" bev="1" fileid="6" />
                <SequencePoint vc="0" uspid="291" ordinal="20" sl="291" sc="1" el="291" ec="2" bec="0" bev="0" fileid="6" />
                <SequencePoint vc="2" uspid="293" ordinal="21" sl="293" sc="1" el="293" ec="2" bec="0" bev="0" fileid="6" />
                <SequencePoint vc="4" uspid="294" ordinal="22" sl="294" sc="1" el="294" ec="2" bec="0" bev="0" fileid="6" />
              </SequencePoints>
              <BranchPoints>
                <BranchPoint vc="0" uspid="265" ordinal="0" path="0" offset="49" offsetend="51" sl="265" fileid="6" />
                <BranchPoint vc="4" uspid="265" ordinal="1" path="1" offset="49" offsetend="55" sl="265" fileid="6" />
                <BranchPoint vc="0" uspid="266" ordinal="2" path="0" offset="109" offsetend="111" sl="266" fileid="6" />
                <BranchPoint vc="4" uspid="266" ordinal="3" path="1" offset="109" offsetend="115" sl="266" fileid="6" />
                <BranchPoint vc="1" uspid="271" ordinal="4" path="0" offset="168" offsetend="170" sl="271" fileid="6" />
                <BranchPoint vc="3" uspid="271" ordinal="5" path="1" offset="168" offsetend="189" sl="271" fileid="6" />
                <BranchPoint vc="2" uspid="275" ordinal="6" path="0" offset="200" offsetend="202" sl="275" fileid="6" />
                <BranchPoint vc="1" uspid="275" ordinal="8" path="0" offset="232" offsetend="234" sl="275" fileid="6" />
                <BranchPoint vc="2" uspid="275" ordinal="7" path="1" offset="200" offsetend="248" sl="275" fileid="6" />
                <BranchPoint vc="2" uspid="275" ordinal="9" path="1" offset="232" offsetend="248" sl="275" fileid="6" />
                <BranchPoint vc="1" uspid="275" ordinal="10" path="0" offset="253" offsetend="255" sl="275" fileid="6" />
                <BranchPoint vc="2" uspid="275" ordinal="11" path="1" offset="253" offsetend="283" sl="275" fileid="6" />
                <BranchPoint vc="0" uspid="290" ordinal="12" path="0" offset="411" offsetend="413" sl="290" fileid="6" />
                <BranchPoint vc="2" uspid="290" ordinal="13" path="1" offset="411" offsetend="453" sl="290" fileid="6" />
              </BranchPoints>
              <MethodPoint vc="22" uspid="0" p8:type="SequencePoint" ordinal="9" offset="9" sc="0" sl="264" ec="1" el="294" bec="0" bev="0" fileid="6" xmlns:p8="xsi" />
            </Method>
            <Method cyclomaticComplexity="1" nPathComplexity="1" sequenceCoverage="100" branchCoverage="100" isConstructor="True" isGetter="False" isSetter="False" isStatic="True">
              <Summary numSequencePoints="5" visitedSequencePoints="5" numBranchPoints="0" visitedBranchPoints="0" sequenceCoverage="100" branchCoverage="100" maxCyclomaticComplexity="1" minCyclomaticComplexity="1" visitedClasses="0" numClasses="0" visitedMethods="1" numMethods="1" />
              <MetadataToken />
              <Name>System.Void TaskManagementAPI.Controllers.TaskController::.ctor(TaskManagementAPI.Data.AppDbContext,Microsoft.Extensions.Logging.ILogger`1&lt;TaskManagementAPI.Controllers.TaskController&gt;)</Name>
              <FileRef uid="6" />
              <SequencePoints>
                <SequencePoint vc="24" uspid="22" ordinal="0" sl="22" sc="1" el="22" ec="2" bec="0" bev="0" fileid="6" />
                <SequencePoint vc="24" uspid="23" ordinal="1" sl="23" sc="1" el="23" ec="2" bec="0" bev="0" fileid="6" />
                <SequencePoint vc="24" uspid="24" ordinal="2" sl="24" sc="1" el="24" ec="2" bec="0" bev="0" fileid="6" />
                <SequencePoint vc="24" uspid="25" ordinal="3" sl="25" sc="1" el="25" ec="2" bec="0" bev="0" fileid="6" />
                <SequencePoint vc="24" uspid="26" ordinal="4" sl="26" sc="1" el="26" ec="2" bec="0" bev="0" fileid="6" />
              </SequencePoints>
              <BranchPoints />
              <MethodPoint vc="5" uspid="0" p8:type="SequencePoint" ordinal="10" offset="10" sc="0" sl="22" ec="1" el="26" bec="0" bev="0" fileid="6" xmlns:p8="xsi" />
            </Method>
          </Methods>
        </Class>
        <Class>
          <Summary numSequencePoints="105" visitedSequencePoints="102" numBranchPoints="32" visitedBranchPoints="24" sequenceCoverage="97.14" branchCoverage="75" maxCyclomaticComplexity="10" minCyclomaticComplexity="1" visitedClasses="1" numClasses="1" visitedMethods="6" numMethods="6" />
          <FullName>TaskManagementAPI.Controllers.UserController</FullName>
          <Methods>
            <Method cyclomaticComplexity="6" nPathComplexity="6" sequenceCoverage="100" branchCoverage="100" isConstructor="False" isGetter="False" isSetter="False" isStatic="True">
              <Summary numSequencePoints="25" visitedSequencePoints="25" numBranchPoints="6" visitedBranchPoints="6" sequenceCoverage="100" branchCoverage="100" maxCyclomaticComplexity="6" minCyclomaticComplexity="6" visitedClasses="0" numClasses="0" visitedMethods="1" numMethods="1" />
              <MetadataToken />
              <Name>Microsoft.AspNetCore.Mvc.IActionResult TaskManagementAPI.Controllers.UserController::GetProfile()</Name>
              <FileRef uid="7" />
              <SequencePoints>
                <SequencePoint vc="3" uspid="27" ordinal="0" sl="27" sc="1" el="27" ec="2" bec="0" bev="0" fileid="7" />
                <SequencePoint vc="5" uspid="28" ordinal="1" sl="28" sc="1" el="28" ec="2" bec="2" bev="2" fileid="7" />
                <SequencePoint vc="3" uspid="29" ordinal="2" sl="29" sc="1" el="29" ec="2" bec="2" bev="2" fileid="7" />
                <SequencePoint vc="1" uspid="30" ordinal="3" sl="30" sc="1" el="30" ec="2" bec="0" bev="0" fileid="7" />
                <SequencePoint vc="1" uspid="31" ordinal="4" sl="31" sc="1" el="31" ec="2" bec="0" bev="0" fileid="7" />
                <SequencePoint vc="1" uspid="32" ordinal="5" sl="32" sc="1" el="32" ec="2" bec="0" bev="0" fileid="7" />
                <SequencePoint vc="2" uspid="34" ordinal="6" sl="34" sc="1" el="34" ec="2" bec="0" bev="0" fileid="7" />
                <SequencePoint vc="2" uspid="35" ordinal="7" sl="35" sc="1" el="35" ec="2" bec="0" bev="0" fileid="7" />
                <SequencePoint vc="2" uspid="36" ordinal="8" sl="36" sc="1" el="36" ec="2" bec="0" bev="0" fileid="7" />
                <SequencePoint vc="2" uspid="37" ordinal="9" sl="37" sc="1" el="37" ec="2" bec="0" bev="0" fileid="7" />
                <SequencePoint vc="2" uspid="38" ordinal="10" sl="38" sc="1" el="38" ec="2" bec="0" bev="0" fileid="7" />
                <SequencePoint vc="2" uspid="39" ordinal="11" sl="39" sc="1" el="39" ec="2" bec="0" bev="0" fileid="7" />
                <SequencePoint vc="2" uspid="40" ordinal="12" sl="40" sc="1" el="40" ec="2" bec="0" bev="0" fileid="7" />
                <SequencePoint vc="2" uspid="41" ordinal="13" sl="41" sc="1" el="41" ec="2" bec="0" bev="0" fileid="7" />
                <SequencePoint vc="2" uspid="42" ordinal="14" sl="42" sc="1" el="42" ec="2" bec="0" bev="0" fileid="7" />
                <SequencePoint vc="2" uspid="43" ordinal="15" sl="43" sc="1" el="43" ec="2" bec="0" bev="0" fileid="7" />
                <SequencePoint vc="2" uspid="44" ordinal="16" sl="44" sc="1" el="44" ec="2" bec="0" bev="0" fileid="7" />
                <SequencePoint vc="2" uspid="45" ordinal="17" sl="45" sc="1" el="45" ec="2" bec="0" bev="0" fileid="7" />
                <SequencePoint vc="2" uspid="46" ordinal="18" sl="46" sc="1" el="46" ec="2" bec="2" bev="2" fileid="7" />
                <SequencePoint vc="1" uspid="47" ordinal="19" sl="47" sc="1" el="47" ec="2" bec="0" bev="0" fileid="7" />
                <SequencePoint vc="1" uspid="48" ordinal="20" sl="48" sc="1" el="48" ec="2" bec="0" bev="0" fileid="7" />
                <SequencePoint vc="1" uspid="49" ordinal="21" sl="49" sc="1" el="49" ec="2" bec="0" bev="0" fileid="7" />
                <SequencePoint vc="1" uspid="51" ordinal="22" sl="51" sc="1" el="51" ec="2" bec="0" bev="0" fileid="7" />
                <SequencePoint vc="1" uspid="52" ordinal="23" sl="52" sc="1" el="52" ec="2" bec="0" bev="0" fileid="7" />
                <SequencePoint vc="3" uspid="53" ordinal="24" sl="53" sc="1" el="53" ec="2" bec="0" bev="0" fileid="7" />
              </SequencePoints>
              <BranchPoints>
                <BranchPoint vc="1" uspid="28" ordinal="0" path="0" offset="55" offsetend="57" sl="28" fileid="7" />
                <BranchPoint vc="2" uspid="28" ordinal="1" path="1" offset="55" offsetend="61" sl="28" fileid="7" />
                <BranchPoint vc="1" uspid="29" ordinal="2" path="0" offset="73" offsetend="75" sl="29" fileid="7" />
                <BranchPoint vc="2" uspid="29" ordinal="3" path="1" offset="73" offsetend="116" sl="29" fileid="7" />
                <BranchPoint vc="1" uspid="46" ordinal="4" path="0" offset="627" offsetend="629" sl="46" fileid="7" />
                <BranchPoint vc="1" uspid="46" ordinal="5" path="1" offset="627" offsetend="682" sl="46" fileid="7" />
              </BranchPoints>
              <MethodPoint vc="25" uspid="0" p8:type="SequencePoint" ordinal="0" offset="0" sc="0" sl="27" ec="1" el="53" bec="0" bev="0" fileid="7" xmlns:p8="xsi" />
            </Method>
            <Method cyclomaticComplexity="10" nPathComplexity="10" sequenceCoverage="85" branchCoverage="60" isConstructor="False" isGetter="False" isSetter="False" isStatic="True">
              <Summary numSequencePoints="20" visitedSequencePoints="17" numBranchPoints="10" visitedBranchPoints="6" sequenceCoverage="85" branchCoverage="60" maxCyclomaticComplexity="10" minCyclomaticComplexity="10" visitedClasses="0" numClasses="0" visitedMethods="1" numMethods="1" />
              <MetadataToken />
              <Name>Microsoft.AspNetCore.Mvc.IActionResult TaskManagementAPI.Controllers.UserController::UpdateProfile(TaskManagementAPI.Models.DTOS.UpdateProfileDto)</Name>
              <FileRef uid="7" />
              <SequencePoints>
                <SequencePoint vc="2" uspid="57" ordinal="0" sl="57" sc="1" el="57" ec="2" bec="0" bev="0" fileid="7" />
                <SequencePoint vc="4" uspid="58" ordinal="1" sl="58" sc="1" el="58" ec="2" bec="2" bev="1" fileid="7" />
                <SequencePoint vc="2" uspid="59" ordinal="2" sl="59" sc="1" el="59" ec="2" bec="2" bev="1" fileid="7" />
                <SequencePoint vc="0" uspid="60" ordinal="3" sl="60" sc="1" el="60" ec="2" bec="0" bev="0" fileid="7" />
                <SequencePoint vc="0" uspid="61" ordinal="4" sl="61" sc="1" el="61" ec="2" bec="0" bev="0" fileid="7" />
                <SequencePoint vc="0" uspid="62" ordinal="5" sl="62" sc="1" el="62" ec="2" bec="0" bev="0" fileid="7" />
                <SequencePoint vc="2" uspid="64" ordinal="6" sl="64" sc="1" el="64" ec="2" bec="0" bev="0" fileid="7" />
                <SequencePoint vc="2" uspid="65" ordinal="7" sl="65" sc="1" el="65" ec="2" bec="0" bev="0" fileid="7" />
                <SequencePoint vc="2" uspid="66" ordinal="8" sl="66" sc="1" el="66" ec="2" bec="2" bev="2" fileid="7" />
                <SequencePoint vc="1" uspid="67" ordinal="9" sl="67" sc="1" el="67" ec="2" bec="0" bev="0" fileid="7" />
                <SequencePoint vc="1" uspid="68" ordinal="10" sl="68" sc="1" el="68" ec="2" bec="0" bev="0" fileid="7" />
                <SequencePoint vc="1" uspid="69" ordinal="11" sl="69" sc="1" el="69" ec="2" bec="0" bev="0" fileid="7" />
                <SequencePoint vc="1" uspid="71" ordinal="12" sl="71" sc="1" el="71" ec="2" bec="2" bev="1" fileid="7" />
                <SequencePoint vc="1" uspid="72" ordinal="13" sl="72" sc="1" el="72" ec="2" bec="2" bev="1" fileid="7" />
[...]
              <MetadataToken />
              <Name>System.Nullable`1&lt;System.DateTime&gt; TaskManagerAPI.Models.Users::get_UpdatedDate()</Name>
              <FileRef uid="10" />
              <SequencePoints>
                <SequencePoint vc="3" uspid="21" ordinal="0" sl="21" sc="1" el="21" ec="2" bec="0" bev="0" fileid="10" />
              </SequencePoints>
              <BranchPoints />
              <MethodPoint vc="1" uspid="0" p8:type="SequencePoint" ordinal="8" offset="8" sc="0" sl="21" ec="1" el="21" bec="0" bev="0" fileid="10" xmlns:p8="xsi" />
            </Method>
            <Method cyclomaticComplexity="1" nPathComplexity="1" sequenceCoverage="100" branchCoverage="100" isConstructor="False" isGetter="True" isSetter="False" isStatic="True">
              <Summary numSequencePoints="1" visitedSequencePoints="1" numBranchPoints="0" visitedBranchPoints="0" sequenceCoverage="100" branchCoverage="100" maxCyclomaticComplexity="1" minCyclomaticComplexity="1" visitedClasses="0" numClasses="0" visitedMethods="1" numMethods="1" />
              <MetadataToken />
              <Name>System.Boolean TaskManagerAPI.Models.Users::get_IsDeleted()</Name>
              <FileRef uid="10" />
              <SequencePoints>
                <SequencePoint vc="227" uspid="22" ordinal="0" sl="22" sc="1" el="22" ec="2" bec="0" bev="0" fileid="10" />
              </SequencePoints>
              <BranchPoints />
              <MethodPoint vc="1" uspid="0" p8:type="SequencePoint" ordinal="9" offset="9" sc="0" sl="22" ec="1" el="22" bec="0" bev="0" fileid="10" xmlns:p8="xsi" />
            </Method>
            <Method cyclomaticComplexity="1" nPathComplexity="1" sequenceCoverage="100" branchCoverage="100" isConstructor="False" isGetter="True" isSetter="False" isStatic="True">
              <Summary numSequencePoints="1" visitedSequencePoints="1" numBranchPoints="0" visitedBranchPoints="0" sequenceCoverage="100" branchCoverage="100" maxCyclomaticComplexity="1" minCyclomaticComplexity="1" visitedClasses="0" numClasses="0" visitedMethods="1" numMethods="1" />
              <MetadataToken />
              <Name>System.Collections.Generic.ICollection`1&lt;TaskManagerAPI.Models.TaskItem&gt; TaskManagerAPI.Models.Users::get_Tasks()</Name>
              <FileRef uid="10" />
              <SequencePoints>
                <SequencePoint vc="114" uspid="25" ordinal="0" sl="25" sc="1" el="25" ec="2" bec="0" bev="0" fileid="10" />
              </SequencePoints>
              <BranchPoints />
              <MethodPoint vc="1" uspid="0" p8:type="SequencePoint" ordinal="10" offset="10" sc="0" sl="25" ec="1" el="25" bec="0" bev="0" fileid="10" xmlns:p8="xsi" />
            </Method>
          </Methods>
        </Class>
        <Class>
          <Summary numSequencePoints="4" visitedSequencePoints="4" numBranchPoints="0" visitedBranchPoints="0" sequenceCoverage="100" branchCoverage="100" maxCyclomaticComplexity="1" minCyclomaticComplexity="1" visitedClasses="1" numClasses="1" visitedMethods="4" numMethods="4" />
          <FullName>TaskManagerAPI.Models.DTOs.RegisterDto</FullName>
          <Methods>
            <Method cyclomaticComplexity="1" nPathComplexity="1" sequenceCoverage="100" branchCoverage="100" isConstructor="False" isGetter="True" isSetter="False" isStatic="True">
              <Summary numSequencePoints="1" visitedSequencePoints="1" numBranchPoints="0" visitedBranchPoints="0" sequenceCoverage="100" branchCoverage="100" maxCyclomaticComplexity="1" minCyclomaticComplexity="1" visitedClasses="0" numClasses="0" visitedMethods="1" numMethods="1" />
              <MetadataToken />
              <Name>System.String TaskManagerAPI.Models.DTOs.RegisterDto::get_Username()</Name>
              <FileRef uid="11" />
              <SequencePoints>
                <SequencePoint vc="5" uspid="5" ordinal="0" sl="5" sc="1" el="5" ec="2" bec="0" bev="0" fileid="11" />
              </SequencePoints>
              <BranchPoints />
              <MethodPoint vc="1" uspid="0" p8:type="SequencePoint" ordinal="0" offset="0" sc="0" sl="5" ec="1" el="5" bec="0" bev="0" fileid="11" xmlns:p8="xsi" />
            </Method>
            <Method cyclomaticComplexity="1" nPathComplexity="1" sequenceCoverage="100" branchCoverage="100" isConstructor="False" isGetter="True" isSetter="False" isStatic="True">
              <Summary numSequencePoints="1" visitedSequencePoints="1" numBranchPoints="0" visitedBranchPoints="0" sequenceCoverage="100" branchCoverage="100" maxCyclomaticComplexity="1" minCyclomaticComplexity="1" visitedClasses="0" numClasses="0" visitedMethods="1" numMethods="1" />
              <MetadataToken />
              <Name>System.String TaskManagerAPI.Models.DTOs.RegisterDto::get_Email()</Name>
              <FileRef uid="11" />
              <SequencePoints>
                <SequencePoint vc="7" uspid="6" ordinal="0" sl="6" sc="1" el="6" ec="2" bec="0" bev="0" fileid="11" />
              </SequencePoints>
              <BranchPoints />
              <MethodPoint vc="1" uspid="0" p8:type="SequencePoint" ordinal="1" offset="1" sc="0" sl="6" ec="1" el="6" bec="0" bev="0" fileid="11" xmlns:p8="xsi" />
            </Method>
            <Method cyclomaticComplexity="1" nPathComplexity="1" sequenceCoverage="100" branchCoverage="100" isConstructor="False" isGetter="True" isSetter="False" isStatic="True">
              <Summary numSequencePoints="1" visitedSequencePoints="1" numBranchPoints="0" visitedBranchPoints="0" sequenceCoverage="100" branchCoverage="100" maxCyclomaticComplexity="1" minCyclomaticComplexity="1" visitedClasses="0" numClasses="0" visitedMethods="1" numMethods="1" />
              <MetadataToken />
              <Name>System.String TaskManagerAPI.Models.DTOs.RegisterDto::get_Password()</Name>
              <FileRef uid="11" />
              <SequencePoints>
                <SequencePoint vc="5" uspid="7" ordinal="0" sl="7" sc="1" el="7" ec="2" bec="0" bev="0" fileid="11" />
              </SequencePoints>
              <BranchPoints />
              <MethodPoint vc="1" uspid="0" p8:type="SequencePoint" ordinal="2" offset="2" sc="0" sl="7" ec="1" el="7" bec="0" bev="0" fileid="11" xmlns:p8="xsi" />
            </Method>
            <Method cyclomaticComplexity="1" nPathComplexity="1" sequenceCoverage="100" branchCoverage="100" isConstructor="False" isGetter="True" isSetter="False" isStatic="True">
              <Summary numSequencePoints="1" visitedSequencePoints="1" numBranchPoints="0" visitedBranchPoints="0" sequenceCoverage="100" branchCoverage="100" maxCyclomaticComplexity="1" minCyclomaticComplexity="1" visitedClasses="0" numClasses="0" visitedMethods="1" numMethods="1" />
              <MetadataToken />
              <Name>System.String TaskManagerAPI.Models.DTOs.RegisterDto::get_Role()</Name>
              <FileRef uid="11" />
              <SequencePoints>
                <SequencePoint vc="2" uspid="8" ordinal="0" sl="8" sc="1" el="8" ec="2" bec="0" bev="0" fileid="11" />
              </SequencePoints>
              <BranchPoints />
              <MethodPoint vc="1" uspid="0" p8:type="SequencePoint" ordinal="3" offset="3" sc="0" sl="8" ec="1" el="8" bec="0" bev="0" fileid="11" xmlns:p8="xsi" />
            </Method>
          </Methods>
        </Class>
        <Class>
          <Summary numSequencePoints="2" visitedSequencePoints="2" numBranchPoints="0" visitedBranchPoints="0" sequenceCoverage="100" branchCoverage="100" maxCyclomaticComplexity="1" minCyclomaticComplexity="1" visitedClasses="1" numClasses="1" visitedMethods="2" numMethods="2" />
          <FullName>TaskManagerAPI.Models.DTOS.loginDto</FullName>
          <Methods>
            <Method cyclomaticComplexity="1" nPathComplexity="1" sequenceCoverage="100" branchCoverage="100" isConstructor="False" isGetter="True" isSetter="False" isStatic="True">
              <Summary numSequencePoints="1" visitedSequencePoints="1" numBranchPoints="0" visitedBranchPoints="0" sequenceCoverage="100" branchCoverage="100" maxCyclomaticComplexity="1" minCyclomaticComplexity="1" visitedClasses="0" numClasses="0" visitedMethods="1" numMethods="1" />
              <MetadataToken />
              <Name>System.String TaskManagerAPI.Models.DTOS.loginDto::get_Email()</Name>
              <FileRef uid="12" />
              <SequencePoints>
                <SequencePoint vc="9" uspid="5" ordinal="0" sl="5" sc="1" el="5" ec="2" bec="0" bev="0" fileid="12" />
              </SequencePoints>
              <BranchPoints />
              <MethodPoint vc="1" uspid="0" p8:type="SequencePoint" ordinal="0" offset="0" sc="0" sl="5" ec="1" el="5" bec="0" bev="0" fileid="12" xmlns:p8="xsi" />
            </Method>
            <Method cyclomaticComplexity="1" nPathComplexity="1" sequenceCoverage="100" branchCoverage="100" isConstructor="False" isGetter="True" isSetter="False" isStatic="True">
              <Summary numSequencePoints="1" visitedSequencePoints="1" numBranchPoints="0" visitedBranchPoints="0" sequenceCoverage="100" branchCoverage="100" maxCyclomaticComplexity="1" minCyclomaticComplexity="1" visitedClasses="0" numClasses="0" visitedMethods="1" numMethods="1" />
              <MetadataToken />
              <Name>System.String TaskManagerAPI.Models.DTOS.loginDto::get_Password()</Name>
              <FileRef uid="12" />
              <SequencePoints>
                <SequencePoint vc="8" uspid="6" ordinal="0" sl="6" sc="1" el="6" ec="2" bec="0" bev="0" fileid="12" />
              </SequencePoints>
              <BranchPoints />
              <MethodPoint vc="1" uspid="0" p8:type="SequencePoint" ordinal="1" offset="1" sc="0" sl="6" ec="1" el="6" bec="0" bev="0" fileid="12" xmlns:p8="xsi" />
            </Method>
          </Methods>
        </Class>
        <Class>
          <Summary numSequencePoints="42" visitedSequencePoints="39" numBranchPoints="12" visitedBranchPoints="9" sequenceCoverage="92.85" branchCoverage="75" maxCyclomaticComplexity="10" minCyclomaticComplexity="1" visitedClasses="1" numClasses="1" visitedMethods="3" numMethods="3" />
          <FullName>TaskManagerAPI.Controllers.AuthController</FullName>
          <Methods>
            <Method cyclomaticComplexity="2" nPathComplexity="2" sequenceCoverage="100" branchCoverage="100" isConstructor="False" isGetter="False" isSetter="False" isStatic="True">
              <Summary numSequencePoints="18" visitedSequencePoints="18" numBranchPoints="2" visitedBranchPoints="2" sequenceCoverage="100" branchCoverage="100" maxCyclomaticComplexity="2" minCyclomaticComplexity="2" visitedClasses="0" numClasses="0" visitedMethods="1" numMethods="1" />
              <MetadataToken />
              <Name>Microsoft.AspNetCore.Mvc.IActionResult TaskManagerAPI.Controllers.AuthController::Register(TaskManagerAPI.Models.DTOs.RegisterDto)</Name>
              <FileRef uid="13" />
              <SequencePoints>
                <SequencePoint vc="2" uspid="33" ordinal="0" sl="33" sc="1" el="33" ec="2" bec="0" bev="0" fileid="13" />
                <SequencePoint vc="2" uspid="34" ordinal="1" sl="34" sc="1" el="34" ec="2" bec="2" bev="2" fileid="13" />
                <SequencePoint vc="1" uspid="35" ordinal="2" sl="35" sc="1" el="35" ec="2" bec="0" bev="0" fileid="13" />
                <SequencePoint vc="1" uspid="36" ordinal="3" sl="36" sc="1" el="36" ec="2" bec="0" bev="0" fileid="13" />
                <SequencePoint vc="1" uspid="39" ordinal="4" sl="39" sc="1" el="39" ec="2" bec="0" bev="0" fileid="13" />
                <SequencePoint vc="1" uspid="41" ordinal="5" sl="41" sc="1" el="41" ec="2" bec="0" bev="0" fileid="13" />
                <SequencePoint vc="1" uspid="42" ordinal="6" sl="42" sc="1" el="42" ec="2" bec="0" bev="0" fileid="13" />
                <SequencePoint vc="1" uspid="43" ordinal="7" sl="43" sc="1" el="43" ec="2" bec="0" bev="0" fileid="13" />
                <SequencePoint vc="1" uspid="44" ordinal="8" sl="44" sc="1" el="44" ec="2" bec="0" bev="0" fileid="13" />
                <SequencePoint vc="1" uspid="45" ordinal="9" sl="45" sc="1" el="45" ec="2" bec="0" bev="0" fileid="13" />
                <SequencePoint vc="1" uspid="46" ordinal="10" sl="46" sc="1" el="46" ec="2" bec="0" bev="0" fileid="13" />
                <SequencePoint vc="1" uspid="47" ordinal="11" sl="47" sc="1" el="47" ec="2" bec="0" bev="0" fileid="13" />
                <SequencePoint vc="1" uspid="48" ordinal="12" sl="48" sc="1" el="48" ec="2" bec="0" bev="0" fileid="13" />
                <SequencePoint vc="1" uspid="49" ordinal="13" sl="49" sc="1" el="49" ec="2" bec="0" bev="0" fileid="13" />
                <SequencePoint vc="1" uspid="51" ordinal="14" sl="51" sc="1" el="51" ec="2" bec="0" bev="0" fileid="13" />
                <SequencePoint vc="1" uspid="52" ordinal="15" sl="52" sc="1" el="52" ec="2" bec="0" bev="0" fileid="13" />
                <SequencePoint vc="1" uspid="54" ordinal="16" sl="54" sc="1" el="54" ec="2" bec="0" bev="0" fileid="13" />
                <SequencePoint vc="2" uspid="55" ordinal="17" sl="55" sc="1" el="55" ec="2" bec="0" bev="0" fileid="13" />
              </SequencePoints>
              <BranchPoints>
                <BranchPoint vc="1" uspid="34" ordinal="0" path="0" offset="148" offsetend="150" sl="34" fileid="13" />
                <BranchPoint vc="1" uspid="34" ordinal="1" path="1" offset="148" offsetend="169" sl="34" fileid="13" />
              </BranchPoints>
              <MethodPoint vc="18" uspid="0" p8:type="SequencePoint" ordinal="0" offset="0" sc="0" sl="33" ec="1" el="55" bec="0" bev="0" fileid="13" xmlns:p8="xsi" />
            </Method>
            <Method cyclomaticComplexity="10" nPathComplexity="10" sequenceCoverage="83.33" branchCoverage="70" isConstructor="False" isGetter="False" isSetter="False" isStatic="True">
              <Summary numSequencePoints="18" visitedSequencePoints="15" numBranchPoints="10" visitedBranchPoints="7" sequenceCoverage="83.33" branchCoverage="70" maxCyclomaticComplexity="10" minCyclomaticComplexity="10" visitedClasses="0" numClasses="0" visitedMethods="1" numMethods="1" />
              <MetadataToken />
              <Name>Microsoft.AspNetCore.Mvc.IActionResult TaskManagerAPI.Controllers.AuthController::Login(TaskManagerAPI.Models.DTOS.loginDto)</Name>
              <FileRef uid="13" />
              <SequencePoints>
                <SequencePoint vc="3" uspid="61" ordinal="0" sl="61" sc="1" el="61" ec="2" bec="0" bev="0" fileid="13" />
                <SequencePoint vc="3" uspid="62" ordinal="1" sl="62" sc="1" el="62" ec="2" bec="2" bev="1" fileid="13" />
                <SequencePoint vc="0" uspid="63" ordinal="2" sl="63" sc="1" el="63" ec="2" bec="0" bev="0" fileid="13" />
                <SequencePoint vc="3" uspid="65" ordinal="3" sl="65" sc="1" el="65" ec="2" bec="0" bev="0" fileid="13" />
                <SequencePoint vc="3" uspid="66" ordinal="4" sl="66" sc="1" el="66" ec="2" bec="2" bev="2" fileid="13" />
                <SequencePoint vc="1" uspid="67" ordinal="5" sl="67" sc="1" el="67" ec="2" bec="0" bev="0" fileid="13" />
                <SequencePoint vc="1" uspid="68" ordinal="6" sl="68" sc="1" el="68" ec="2" bec="2" bev="1" fileid="13" />
                <SequencePoint vc="0" uspid="69" ordinal="7" sl="69" sc="1" el="69" ec="2" bec="0" bev="0" fileid="13" />
                <SequencePoint vc="1" uspid="70" ordinal="8" sl="70" sc="1" el="70" ec="2" bec="0" bev="0" fileid="13" />
                <SequencePoint vc="2" uspid="72" ordinal="9" sl="72" sc="1" el="72" ec="2" bec="0" bev="0" fileid="13" />
                <SequencePoint vc="2" uspid="73" ordinal="10" sl="73" sc="1" el="73" ec="2" bec="2" bev="2" fileid="13" />
                <SequencePoint vc="1" uspid="74" ordinal="11" sl="74" sc="1" el="74" ec="2" bec="0" bev="0" fileid="13" />
                <SequencePoint vc="1" uspid="75" ordinal="12" sl="75" sc="1" el="75" ec="2" bec="0" bev="0" fileid="13" />
                <SequencePoint vc="1" uspid="78" ordinal="13" sl="78" sc="1" el="78" ec="2" bec="2" bev="1" fileid="13" />
                <SequencePoint vc="0" uspid="79" ordinal="14" sl="79" sc="1" el="79" ec="2" bec="0" bev="0" fileid="13" />
                <SequencePoint vc="1" uspid="82" ordinal="15" sl="82" sc="1" el="82" ec="2" bec="0" bev="0" fileid="13" />
                <SequencePoint vc="1" uspid="83" ordinal="16" sl="83" sc="1" el="83" ec="2" bec="0" bev="0" fileid="13" />
                <SequencePoint vc="3" uspid="84" ordinal="17" sl="84" sc="1" el="84" ec="2" bec="0" bev="0" fileid="13" />
              </SequencePoints>
              <BranchPoints>
                <BranchPoint vc="0" uspid="62" ordinal="0" path="0" offset="30" offsetend="32" sl="62" fileid="13" />
                <BranchPoint vc="3" uspid="62" ordinal="1" path="1" offset="30" offsetend="69" sl="62" fileid="13" />
                <BranchPoint vc="1" uspid="66" ordinal="2" path="0" offset="210" offsetend="212" sl="66" fileid="13" />
                <BranchPoint vc="0" uspid="68" ordinal="4" path="0" offset="229" offsetend="231" sl="68" fileid="13" />
                <BranchPoint vc="1" uspid="68" ordinal="5" path="1" offset="229" offsetend="268" sl="68" fileid="13" />
                <BranchPoint vc="2" uspid="66" ordinal="3" path="1" offset="210" offsetend="286" sl="66" fileid="13" />
                <BranchPoint vc="1" uspid="73" ordinal="6" path="0" offset="334" offsetend="336" sl="73" fileid="13" />
                <BranchPoint vc="1" uspid="73" ordinal="7" path="1" offset="334" offsetend="352" sl="73" fileid="13" />
                <BranchPoint vc="0" uspid="78" ordinal="8" path="0" offset="368" offsetend="370" sl="78" fileid="13" />
                <BranchPoint vc="1" uspid="78" ordinal="9" path="1" offset="368" offsetend="420" sl="78" fileid="13" />
              </BranchPoints>
              <MethodPoint vc="15" uspid="0" p8:type="SequencePoint" ordinal="1" offset="1" sc="0" sl="61" ec="1" el="84" bec="0" bev="0" fileid="13" xmlns:p8="xsi" />
            </Method>
            <Method cyclomaticComplexity="1" nPathComplexity="1" sequenceCoverage="100" branchCoverage="100" isConstructor="True" isGetter="False" isSetter="False" isStatic="True">
              <Summary numSequencePoints="6" visitedSequencePoints="6" numBranchPoints="0" visitedBranchPoints="0" sequenceCoverage="100" branchCoverage="100" maxCyclomaticComplexity="1" minCyclomaticComplexity="1" visitedClasses="0" numClasses="0" visitedMethods="1" numMethods="1" />
              <MetadataToken />
              <Name>System.Void TaskManagerAPI.Controllers.AuthController::.ctor(TaskManagementAPI.Data.AppDbContext,Microsoft.Extensions.Logging.ILogger`1&lt;TaskManagerAPI.Controllers.AuthController&gt;,TaskManagerAPI.Helpers.JwtService)</Name>
              <FileRef uid="13" />
              <SequencePoints>
                <SequencePoint vc="5" uspid="22" ordinal="0" sl="22" sc="1" el="22" ec="2" bec="0" bev="0" fileid="13" />
                <SequencePoint vc="5" uspid="23" ordinal="1" sl="23" sc="1" el="23" ec="2" bec="0" bev="0" fileid="13" />
                <SequencePoint vc="5" uspid="24" ordinal="2" sl="24" sc="1" el="24" ec="2" bec="0" bev="0" fileid="13" />
                <SequencePoint vc="5" uspid="25" ordinal="3" sl="25" sc="1" el="25" ec="2" bec="0" bev="0" fileid="13" />
                <SequencePoint vc="5" uspid="26" ordinal="4" sl="26" sc="1" el="26" ec="2" bec="0" bev="0" fileid="13" />
                <SequencePoint vc="5" uspid="27" ordinal="5" sl="27" sc="1" el="27" ec="2" bec="0" bev="0" fileid="13" />
              </SequencePoints>
              <BranchPoints />
              <MethodPoint vc="6" uspid="0" p8:type="SequencePoint" ordinal="2" offset="2" sc="0" sl="22" ec="1" el="27" bec="0" bev="0" fileid="13" xmlns:p8="xsi" />
            </Method>
          </Methods>
        </Class>
      </Classes>
    </Module>
  </Modules>
</CoverageSession>